[2018-06-05 09:44:28] - Bridge - INFO     - [Bridge.py:236  } Requesting https://develop2-api.symphony.com:8444/sessionauth/v1/authenticate
[2018-06-05 09:44:29] - Bridge - INFO     - [Bridge.py:242  } Requesting https://develop2-api.symphony.com:8444/keyauth/v1/authenticate
[2018-06-05 09:44:31] - Bridge - INFO     - [Bridge.py:248  } Tokens retrieved {'sessionToken': 'eyJhbGciOiJSUzUxMiJ9.eyJzdWIiOiJib3QudXNlcjIxIiwiaXNzIjoic3ltcGhvbnkiLCJzZXNzaW9uSWQiOiJjODYxMTk3ZWNmYjRmOGUxMzZlMzAzNjk2OGNkNTYyMDdkMzVjMTRhNjJiN2YyMmY2YjY5YmEwNzAxYWRhM2RiZDVlNTM1MmY1YmU3ZmNjNWRlZjI3YjdiNzUwMGMyNmQwMDAwMDE2M2NkOWRlYzAyMDAwMTNkNzAwMDAwMDBiYyIsInVzZXJJZCI6IjM0OTAyNjIyMjM0MjMzMiJ9.HicobCd1ldBycN5-53TuXFdLhQTAhiI3X8gNSHtUkfu5uCIJbHhBBvF89dzG7ycvTFGUahHwJRs_PGObpFx3UWe9ECdJSGxRyXIkEH2vgDb8JXDNyQ8eY0Av7Lu0EZsjT6LPEVHuvsBCDL9ZnrF18Vq4TSEQGWoUE85J6uEvTJAzQOtOmu1euJc-wih__L9JXa59aMXnZGhNgGc9BvRDT5aOKQuWKN75zdVgTXi-HCqJ4XDx461gBiWDun6nNHRxghz08m_x57RJCyzx2CKPfMlpYNQ_hiFfWndjuU2bxWTnPg4iKC2zXLvIsw0PIsffDsbGZshaJ9fWxzJEfaHOoA', 'keyManagerToken': '0100356269c593bebc026f1d2609d787c04bfabc39c04bcbfa3f9e56bf860940d5fb0b9f5e1499d93cbb685da661775a13d3460f1253d4d55a849f3bde5051b01701839df4ee0a7e957fe7cc13a3c7993131e7eee831096c09c1d88972a7b102812050e8dce0c808e72e4fa978704a6947452f70b124c0b21a496dbec715a1323aaa4c7818f37db7c67c55852d181e14476aa7548b4cd3ebe55a70f362b5932fb6a5b196f0f420c7a8d7778e384de64bbdc007200dccbd1768269219a336'}
[2018-06-05 09:44:31] - Bridge - INFO     - [Bridge.py:173  } [API]Requesting https://develop2.symphony.com/pod/v2/sessioninfo
[2018-06-05 09:44:33] - Bridge - INFO     - [Bridge.py:178  } [API]Status 200
[2018-06-05 09:44:33] - Bridge - INFO     - [Bridge.py:173  } [API]Requesting https://develop2.symphony.com/pod/v3/room/RoDOROntj7QfyTZWQu1WoH___pxU3hyxdA/update
[2018-06-05 09:45:18] - Bridge - INFO     - [Bridge.py:173  } [API]Requesting https://develop2.symphony.com/pod/v2/sessioninfo
[2018-06-05 09:45:19] - Bridge - INFO     - [Bridge.py:178  } [API]Status 200
[2018-06-05 09:45:19] - Bridge - INFO     - [Bridge.py:173  } [API]Requesting https://develop2.symphony.com/pod/v1/streams/list
[2018-06-05 09:45:20] - Bridge - INFO     - [Bridge.py:178  } [API]Status 200
[2018-06-05 09:45:20] - Bridge - INFO     - [Bridge.py:173  } [API]Requesting https://develop2.symphony.com//pod/v2/user?uid=349026222342332&local=true
[2018-06-05 09:45:21] - Bridge - INFO     - [Bridge.py:178  } [API]Status 200
[2018-06-05 09:45:21] - Bridge - INFO     - [Bridge.py:173  } [API]Requesting https://develop2.symphony.com//pod/v2/user?uid=349026222342197&local=true
[2018-06-05 09:45:23] - Bridge - INFO     - [Bridge.py:178  } [API]Status 200
[2018-06-05 10:01:37] - Bridge - INFO     - [Bridge.py:173  } [API]Requesting https://develop2.symphony.com/pod/v2/sessioninfo
[2018-06-05 10:01:39] - Bridge - INFO     - [Bridge.py:178  } [API]Status 200
[2018-06-05 10:01:39] - Bridge - INFO     - [Bridge.py:173  } [API]Requesting https://develop2.symphony.com/pod/v1/streams/list
[2018-06-05 10:01:40] - Bridge - INFO     - [Bridge.py:178  } [API]Status 200
[2018-06-05 10:01:40] - Bridge - INFO     - [Bridge.py:173  } [API]Requesting https://develop2.symphony.com//pod/v2/user?uid=349026222342332&local=true
[2018-06-05 10:01:42] - Bridge - INFO     - [Bridge.py:178  } [API]Status 200
[2018-06-05 10:01:42] - Bridge - INFO     - [Bridge.py:173  } [API]Requesting https://develop2.symphony.com//pod/v2/user?uid=349026222342197&local=true
[2018-06-05 10:01:43] - Bridge - INFO     - [Bridge.py:178  } [API]Status 200
[2018-06-05 10:01:43] - Bridge - INFO     - [Bridge.py:173  } [API]Requesting https://develop2.symphony.com/agent/v4/stream/LeKYFCKLJF6gTk-N4H_3w3___pwyjypqdA/message/create
[2018-06-05 10:01:45] - Bridge - INFO     - [Bridge.py:178  } [API]Status 200
[2018-06-05 10:07:09] - Bridge - INFO     - [Bridge.py:173  } [API]Requesting https://develop2.symphony.com/pod/v2/sessioninfo
[2018-06-05 10:07:10] - Bridge - INFO     - [Bridge.py:178  } [API]Status 200
[2018-06-05 10:07:10] - Bridge - INFO     - [Bridge.py:173  } [API]Requesting https://develop2.symphony.com/agent/v4/stream/LeKYFCKLJF6gTk-N4H_3w3___pwyjypqdA/message/create
[2018-06-05 10:07:11] - Bridge - INFO     - [Bridge.py:178  } [API]Status 200
[2018-06-05 10:11:51] - Bridge - INFO     - [Bridge.py:173  } [API]Requesting https://develop2.symphony.com/pod/v2/sessioninfo
[2018-06-05 10:11:52] - Bridge - INFO     - [Bridge.py:178  } [API]Status 200
[2018-06-05 10:11:52] - Bridge - INFO     - [Bridge.py:173  } [API]Requesting https://develop2.symphony.com/agent/v4/stream/LeKYFCKLJF6gTk-N4H_3w3___pwyjypqdA/message/create
[2018-06-05 10:11:54] - Bridge - INFO     - [Bridge.py:178  } [API]Status 200
[2018-06-05 10:18:49] - Bridge - INFO     - [Bridge.py:173  } [API]Requesting https://develop2.symphony.com/pod/v2/sessioninfo
[2018-06-05 10:18:51] - Bridge - INFO     - [Bridge.py:178  } [API]Status 200
[2018-06-05 10:18:51] - Bridge - INFO     - [Bridge.py:173  } [API]Requesting https://develop2.symphony.com/agent/v4/stream/LeKYFCKLJF6gTk-N4H_3w3___pwyjypqdA/message/create
[2018-06-05 10:18:52] - Bridge - INFO     - [Bridge.py:178  } [API]Status 200
[2018-06-05 10:28:15] - Bridge - INFO     - [Bridge.py:173  } [API]Requesting https://develop2.symphony.com/pod/v2/sessioninfo
[2018-06-05 10:28:16] - Bridge - INFO     - [Bridge.py:178  } [API]Status 200
[2018-06-05 10:30:13] - Bridge - INFO     - [Bridge.py:173  } [API]Requesting https://develop2.symphony.com/pod/v2/sessioninfo
[2018-06-05 10:30:15] - Bridge - INFO     - [Bridge.py:178  } [API]Status 200
[2018-06-05 10:30:15] - Bridge - INFO     - [Bridge.py:263  } object0001
[2018-06-05 10:30:15] - Bridge - INFO     - [Bridge.py:173  } [API]Requesting https://develop2.symphony.com/agent/v4/stream/LeKYFCKLJF6gTk-N4H_3w3___pwyjypqdA/message/create
[2018-06-05 10:30:17] - Bridge - INFO     - [Bridge.py:178  } [API]Status 200
[2018-06-05 10:49:13] - Bridge - INFO     - [Bridge.py:173  } [API]Requesting https://develop2.symphony.com/pod/v2/sessioninfo
[2018-06-05 10:49:17] - Bridge - INFO     - [Bridge.py:178  } [API]Status 200
[2018-06-05 10:49:17] - Bridge - INFO     - [Bridge.py:263  } object0001
[2018-06-05 10:49:17] - Bridge - INFO     - [Bridge.py:173  } [API]Requesting https://develop2.symphony.com/agent/v4/stream/LeKYFCKLJF6gTk-N4H_3w3___pwyjypqdA/message/create
[2018-06-05 10:50:59] - Bridge - INFO     - [Bridge.py:173  } [API]Requesting https://develop2.symphony.com/pod/v2/sessioninfo
[2018-06-05 10:51:00] - Bridge - INFO     - [Bridge.py:178  } [API]Status 200
[2018-06-05 10:51:00] - Bridge - INFO     - [Bridge.py:263  } object0001
[2018-06-05 10:51:00] - Bridge - INFO     - [Bridge.py:173  } [API]Requesting https://develop2.symphony.com/agent/v4/stream/LeKYFCKLJF6gTk-N4H_3w3___pwyjypqdA/message/create
[2018-06-05 10:54:41] - Bridge - INFO     - [Bridge.py:173  } [API]Requesting https://develop2.symphony.com/pod/v2/sessioninfo
[2018-06-05 10:54:43] - Bridge - INFO     - [Bridge.py:178  } [API]Status 200
[2018-06-05 10:54:43] - Bridge - INFO     - [Bridge.py:263  } object0001
[2018-06-05 10:54:43] - Bridge - INFO     - [Bridge.py:173  } [API]Requesting https://develop2.symphony.com/agent/v4/stream/LeKYFCKLJF6gTk-N4H_3w3___pwyjypqdA/message/create
[2018-06-05 10:54:45] - Bridge - INFO     - [Bridge.py:178  } [API]Status 200
[2018-06-05 10:56:28] - Bridge - INFO     - [Bridge.py:173  } [API]Requesting https://develop2.symphony.com/pod/v2/sessioninfo
[2018-06-05 10:56:30] - Bridge - INFO     - [Bridge.py:178  } [API]Status 200
[2018-06-05 10:56:30] - Bridge - INFO     - [Bridge.py:263  } object0001
[2018-06-05 10:56:30] - Bridge - INFO     - [Bridge.py:173  } [API]Requesting https://develop2.symphony.com/agent/v4/stream/LeKYFCKLJF6gTk-N4H_3w3___pwyjypqdA/message/create
[2018-06-05 10:56:31] - Bridge - INFO     - [Bridge.py:178  } [API]Status 200
[2018-06-05 10:58:09] - Bridge - INFO     - [Bridge.py:173  } [API]Requesting https://develop2.symphony.com/pod/v2/sessioninfo
[2018-06-05 10:58:10] - Bridge - INFO     - [Bridge.py:178  } [API]Status 200
[2018-06-05 10:58:10] - Bridge - INFO     - [Bridge.py:263  } object0001
[2018-06-05 10:58:10] - Bridge - INFO     - [Bridge.py:173  } [API]Requesting https://develop2.symphony.com/agent/v4/stream/LeKYFCKLJF6gTk-N4H_3w3___pwyjypqdA/message/create
[2018-06-05 10:58:11] - Bridge - INFO     - [Bridge.py:178  } [API]Status 200
[2018-06-05 11:28:18] - Bridge - INFO     - [Bridge.py:173  } [API]Requesting https://develop2.symphony.com/pod/v2/sessioninfo
[2018-06-05 11:28:19] - Bridge - INFO     - [Bridge.py:178  } [API]Status 200
[2018-06-05 11:28:19] - Bridge - INFO     - [Bridge.py:263  } object0001
[2018-06-05 11:28:19] - Bridge - INFO     - [Bridge.py:173  } [API]Requesting https://develop2.symphony.com/agent/v4/stream/LeKYFCKLJF6gTk-N4H_3w3___pwyjypqdA/message/create
[2018-06-05 11:28:20] - Bridge - INFO     - [Bridge.py:178  } [API]Status 200
[2018-06-05 11:30:13] - Bridge - INFO     - [Bridge.py:173  } [API]Requesting https://develop2.symphony.com/pod/v2/sessioninfo
[2018-06-05 11:30:14] - Bridge - INFO     - [Bridge.py:178  } [API]Status 200
[2018-06-05 11:30:40] - Bridge - INFO     - [Bridge.py:173  } [API]Requesting https://develop2.symphony.com/pod/v2/sessioninfo
[2018-06-05 11:30:42] - Bridge - INFO     - [Bridge.py:178  } [API]Status 200
[2018-06-05 11:35:08] - Bridge - INFO     - [Bridge.py:173  } [API]Requesting https://develop2.symphony.com/pod/v2/sessioninfo
[2018-06-05 11:35:09] - Bridge - INFO     - [Bridge.py:178  } [API]Status 200
[2018-06-05 11:36:32] - Bridge - INFO     - [Bridge.py:173  } [API]Requesting https://develop2.symphony.com/pod/v2/sessioninfo
[2018-06-05 11:36:34] - Bridge - INFO     - [Bridge.py:178  } [API]Status 200
[2018-06-05 11:36:44] - Bridge - INFO     - [Bridge.py:263  } object0001
[2018-06-05 11:36:44] - Bridge - INFO     - [Bridge.py:173  } [API]Requesting https://develop2.symphony.com/agent/v4/stream/LeKYFCKLJF6gTk-N4H_3w3___pwyjypqdA/message/create
[2018-06-05 11:36:46] - Bridge - INFO     - [Bridge.py:178  } [API]Status 200
[2018-06-05 11:48:07] - Bridge - INFO     - [Bridge.py:173  } [API]Requesting https://develop2.symphony.com/pod/v2/sessioninfo
[2018-06-05 11:48:08] - Bridge - INFO     - [Bridge.py:178  } [API]Status 200
[2018-06-05 11:48:22] - Bridge - INFO     - [Bridge.py:263  } object0001
[2018-06-05 11:48:22] - Bridge - INFO     - [Bridge.py:173  } [API]Requesting https://develop2.symphony.com/agent/v4/stream/LeKYFCKLJF6gTk-N4H_3w3___pwyjypqdA/message/create
[2018-06-05 11:48:23] - Bridge - INFO     - [Bridge.py:178  } [API]Status 200
[2018-06-05 11:51:08] - Bridge - INFO     - [Bridge.py:173  } [API]Requesting https://develop2.symphony.com/pod/v2/sessioninfo
[2018-06-05 11:51:09] - Bridge - INFO     - [Bridge.py:178  } [API]Status 200
[2018-06-05 11:51:18] - Bridge - INFO     - [Bridge.py:263  } object0001
[2018-06-05 11:51:18] - Bridge - INFO     - [Bridge.py:173  } [API]Requesting https://develop2.symphony.com/agent/v4/stream/LeKYFCKLJF6gTk-N4H_3w3___pwyjypqdA/message/create
[2018-06-05 11:51:19] - Bridge - INFO     - [Bridge.py:178  } [API]Status 200
[2018-06-05 11:52:00] - Bridge - INFO     - [Bridge.py:173  } [API]Requesting https://develop2.symphony.com/pod/v2/sessioninfo
[2018-06-05 11:52:02] - Bridge - INFO     - [Bridge.py:178  } [API]Status 200
[2018-06-05 11:54:34] - Bridge - INFO     - [Bridge.py:173  } [API]Requesting https://develop2.symphony.com/pod/v2/sessioninfo
[2018-06-05 11:54:35] - Bridge - INFO     - [Bridge.py:178  } [API]Status 200
[2018-06-05 11:55:03] - Bridge - INFO     - [Bridge.py:173  } [API]Requesting https://develop2.symphony.com/pod/v2/sessioninfo
[2018-06-05 11:55:04] - Bridge - INFO     - [Bridge.py:178  } [API]Status 200
[2018-06-05 11:55:04] - Bridge - INFO     - [Bridge.py:173  } [API]Requesting https://develop2.symphony.com/pod/v1/streams/list
[2018-06-05 11:55:05] - Bridge - INFO     - [Bridge.py:178  } [API]Status 200
[2018-06-05 11:55:05] - Bridge - INFO     - [Bridge.py:173  } [API]Requesting https://develop2.symphony.com//pod/v2/user?uid=349026222342332&local=true
[2018-06-05 11:55:06] - Bridge - INFO     - [Bridge.py:178  } [API]Status 200
[2018-06-05 11:55:06] - Bridge - INFO     - [Bridge.py:173  } [API]Requesting https://develop2.symphony.com//pod/v2/user?uid=349026222342197&local=true
[2018-06-05 11:55:07] - Bridge - INFO     - [Bridge.py:178  } [API]Status 200
[2018-06-05 11:55:50] - Bridge - INFO     - [Bridge.py:263  } object0001
[2018-06-05 11:55:51] - Bridge - INFO     - [Bridge.py:173  } [API]Requesting https://develop2.symphony.com/agent/v4/stream/qp1anuJ_dpfA9kP9VcV6Jn___pwx6eOodA/message/create
[2018-06-05 11:55:51] - Bridge - INFO     - [Bridge.py:173  } [API]Requesting https://develop2.symphony.com/pod/v2/sessioninfo
[2018-06-05 11:55:52] - Bridge - INFO     - [Bridge.py:178  } [API]Status 200
[2018-06-05 11:55:52] - Bridge - INFO     - [Bridge.py:178  } [API]Status 200
[2018-06-05 11:55:52] - Bridge - INFO     - [Bridge.py:173  } [API]Requesting https://develop2.symphony.com/pod/v1/streams/list
[2018-06-05 11:55:53] - Bridge - INFO     - [Bridge.py:178  } [API]Status 200
[2018-06-05 11:55:53] - Bridge - INFO     - [Bridge.py:173  } [API]Requesting https://develop2.symphony.com//pod/v2/user?uid=349026222342332&local=true
[2018-06-05 11:55:54] - Bridge - INFO     - [Bridge.py:178  } [API]Status 200
[2018-06-05 11:55:54] - Bridge - INFO     - [Bridge.py:173  } [API]Requesting https://develop2.symphony.com//pod/v2/user?uid=349026222342197&local=true
[2018-06-05 11:55:56] - Bridge - INFO     - [Bridge.py:178  } [API]Status 200
[2018-06-05 11:55:56] - Bridge - INFO     - [Bridge.py:173  } [API]Requesting https://develop2.symphony.com//pod/v2/user?uid=349026222342283&local=true
[2018-06-05 11:55:57] - Bridge - INFO     - [Bridge.py:178  } [API]Status 200
[2018-06-05 11:56:55] - Bridge - INFO     - [Bridge.py:173  } [API]Requesting https://develop2.symphony.com/pod/v2/sessioninfo
[2018-06-05 11:56:57] - Bridge - INFO     - [Bridge.py:178  } [API]Status 200
[2018-06-05 11:57:10] - Bridge - INFO     - [Bridge.py:263  } object0001
[2018-06-05 11:57:10] - Bridge - INFO     - [Bridge.py:173  } [API]Requesting https://develop2.symphony.com/agent/v4/stream/LeKYFCKLJF6gTk-N4H_3w3___pwyjypqdA/message/create
[2018-06-05 11:57:11] - Bridge - INFO     - [Bridge.py:178  } [API]Status 200
[2018-06-05 12:02:23] - Bridge - INFO     - [Bridge.py:173  } [API]Requesting https://develop2.symphony.com/pod/v2/sessioninfo
[2018-06-05 12:02:24] - Bridge - INFO     - [Bridge.py:178  } [API]Status 200
[2018-06-05 12:02:37] - Bridge - INFO     - [Bridge.py:263  } object0001
[2018-06-05 12:02:37] - Bridge - INFO     - [Bridge.py:173  } [API]Requesting https://develop2.symphony.com/agent/v4/stream/LeKYFCKLJF6gTk-N4H_3w3___pwyjypqdA/message/create
[2018-06-05 12:02:38] - Bridge - INFO     - [Bridge.py:178  } [API]Status 200
[2018-06-05 12:02:41] - Bridge - INFO     - [Bridge.py:173  } [API]Requesting https://develop2.symphony.com//pod/v3/room/create
[2018-06-05 12:02:42] - Bridge - INFO     - [Bridge.py:178  } [API]Status 200
[2018-06-05 12:02:45] - Bridge - INFO     - [Bridge.py:173  } [API]Requesting https://develop2.symphony.com/pod/v1/room/{'roomAttributes': {'crossPod': False, 'multiLateralRoom': False, 'membersCanInvite': True, 'readOnly': False, 'discoverable': True, 'name': 'Question A', 'viewHistory': False, 'copyProtected': False, 'description': 'Question about javascript', 'public': False, 'keywords': []}, 'roomSystemInfo': {'id': '5PWpYceCsivnz_A3QuHgOH___pwx44nudA', 'creationDate': 1528171361809, 'createdByUserId': 349026222342332, 'active': True}}/membership/add
[2018-06-05 12:04:43] - Bridge - INFO     - [Bridge.py:173  } [API]Requesting https://develop2.symphony.com/pod/v2/sessioninfo
[2018-06-05 12:04:45] - Bridge - INFO     - [Bridge.py:178  } [API]Status 200
[2018-06-05 12:04:53] - Bridge - INFO     - [Bridge.py:263  } object0001
[2018-06-05 12:04:53] - Bridge - INFO     - [Bridge.py:173  } [API]Requesting https://develop2.symphony.com/agent/v4/stream/LeKYFCKLJF6gTk-N4H_3w3___pwyjypqdA/message/create
[2018-06-05 12:04:54] - Bridge - INFO     - [Bridge.py:178  } [API]Status 200
[2018-06-05 12:04:57] - Bridge - INFO     - [Bridge.py:173  } [API]Requesting https://develop2.symphony.com//pod/v3/room/create
[2018-06-05 12:06:03] - Bridge - INFO     - [Bridge.py:173  } [API]Requesting https://develop2.symphony.com/pod/v2/sessioninfo
[2018-06-05 12:06:04] - Bridge - INFO     - [Bridge.py:178  } [API]Status 200
[2018-06-05 12:06:10] - Bridge - INFO     - [Bridge.py:263  } object0001
[2018-06-05 12:06:10] - Bridge - INFO     - [Bridge.py:173  } [API]Requesting https://develop2.symphony.com/agent/v4/stream/LeKYFCKLJF6gTk-N4H_3w3___pwyjypqdA/message/create
[2018-06-05 12:06:12] - Bridge - INFO     - [Bridge.py:178  } [API]Status 200
[2018-06-05 12:06:16] - Bridge - INFO     - [Bridge.py:173  } [API]Requesting https://develop2.symphony.com//pod/v3/room/create
[2018-06-05 12:07:19] - Bridge - INFO     - [Bridge.py:173  } [API]Requesting https://develop2.symphony.com/pod/v2/sessioninfo
[2018-06-05 12:07:20] - Bridge - INFO     - [Bridge.py:178  } [API]Status 200
[2018-06-05 12:07:29] - Bridge - INFO     - [Bridge.py:263  } object0001
[2018-06-05 12:07:29] - Bridge - INFO     - [Bridge.py:173  } [API]Requesting https://develop2.symphony.com/agent/v4/stream/LeKYFCKLJF6gTk-N4H_3w3___pwyjypqdA/message/create
[2018-06-05 12:07:30] - Bridge - INFO     - [Bridge.py:178  } [API]Status 200
[2018-06-05 12:07:33] - Bridge - INFO     - [Bridge.py:173  } [API]Requesting https://develop2.symphony.com//pod/v3/room/create
[2018-06-05 12:07:34] - Bridge - INFO     - [Bridge.py:178  } [API]Status 200
[2018-06-05 12:07:37] - Bridge - INFO     - [Bridge.py:173  } [API]Requesting https://develop2.symphony.com/pod/v1/room/MZIaArMsmpn4x5bgNvr1qn___pwx3xTwdA/membership/add
[2018-06-05 12:07:39] - Bridge - INFO     - [Bridge.py:178  } [API]Status 200
[2018-06-05 12:11:12] - Bridge - INFO     - [Bridge.py:173  } [API]Requesting https://develop2.symphony.com/pod/v2/sessioninfo
[2018-06-05 12:11:17] - Bridge - INFO     - [Bridge.py:178  } [API]Status 200
[2018-06-05 12:13:37] - Bridge - INFO     - [Bridge.py:173  } [API]Requesting https://develop2.symphony.com/pod/v2/sessioninfo
[2018-06-05 12:13:39] - Bridge - INFO     - [Bridge.py:178  } [API]Status 200
[2018-06-05 12:29:05] - Bridge - INFO     - [Bridge.py:173  } [API]Requesting https://develop2.symphony.com/pod/v2/sessioninfo
[2018-06-05 12:29:06] - Bridge - INFO     - [Bridge.py:178  } [API]Status 200
[2018-06-05 12:30:01] - Bridge - INFO     - [Bridge.py:173  } [API]Requesting https://develop2.symphony.com/pod/v2/sessioninfo
[2018-06-05 12:30:02] - Bridge - INFO     - [Bridge.py:178  } [API]Status 200
[2018-06-05 12:30:11] - Bridge - INFO     - [Bridge.py:263  } object0001
[2018-06-05 12:30:11] - Bridge - INFO     - [Bridge.py:173  } [API]Requesting https://develop2.symphony.com/agent/v4/stream/LeKYFCKLJF6gTk-N4H_3w3___pwyjypqdA/message/create
[2018-06-05 12:30:12] - Bridge - INFO     - [Bridge.py:178  } [API]Status 200
[2018-06-05 12:30:34] - Bridge - INFO     - [Bridge.py:173  } [API]Requesting https://develop2.symphony.com/pod/v2/sessioninfo
[2018-06-05 12:30:35] - Bridge - INFO     - [Bridge.py:178  } [API]Status 200
[2018-06-05 12:30:45] - Bridge - INFO     - [Bridge.py:263  } object0001
[2018-06-05 12:30:45] - Bridge - INFO     - [Bridge.py:173  } [API]Requesting https://develop2.symphony.com/agent/v4/stream/LeKYFCKLJF6gTk-N4H_3w3___pwyjypqdA/message/create
[2018-06-05 12:30:46] - Bridge - INFO     - [Bridge.py:178  } [API]Status 200
[2018-06-05 12:31:17] - Bridge - INFO     - [Bridge.py:173  } [API]Requesting https://develop2.symphony.com//pod/v3/room/create
[2018-06-05 12:31:18] - Bridge - INFO     - [Bridge.py:178  } [API]Status 200
[2018-06-05 12:31:21] - Bridge - INFO     - [Bridge.py:173  } [API]Requesting https://develop2.symphony.com/pod/v1/room/nbQqGaoPE0vxZ3KOlB2P-n___pwxyVvPdA/membership/add
[2018-06-05 12:31:22] - Bridge - INFO     - [Bridge.py:178  } [API]Status 200
[2018-06-05 12:31:25] - Bridge - INFO     - [Bridge.py:173  } [API]Requesting https://develop2.symphony.com/pod/v1/room/nbQqGaoPE0vxZ3KOlB2P-n___pwxyVvPdA/membership/add
[2018-06-05 12:32:42] - Bridge - INFO     - [Bridge.py:263  } object0001
[2018-06-05 12:32:42] - Bridge - INFO     - [Bridge.py:173  } [API]Requesting https://develop2.symphony.com/agent/v4/stream/LeKYFCKLJF6gTk-N4H_3w3___pwyjypqdA/message/create
[2018-06-05 12:32:44] - Bridge - INFO     - [Bridge.py:178  } [API]Status 200
[2018-06-05 12:32:48] - Bridge - INFO     - [Bridge.py:173  } [API]Requesting https://develop2.symphony.com//pod/v3/room/create
[2018-06-05 12:32:49] - Bridge - INFO     - [Bridge.py:178  } [API]Status 200
[2018-06-05 12:32:52] - Bridge - INFO     - [Bridge.py:173  } [API]Requesting https://develop2.symphony.com/pod/v1/room/fUojQ6VlZ0xMOBNjEGAI9H___pwxx_ijdA/membership/add
[2018-06-05 12:32:53] - Bridge - INFO     - [Bridge.py:178  } [API]Status 200
[2018-06-05 12:32:56] - Bridge - INFO     - [Bridge.py:173  } [API]Requesting https://develop2.symphony.com/pod/v1/room/fUojQ6VlZ0xMOBNjEGAI9H___pwxx_ijdA/membership/add
[2018-06-05 12:32:57] - Bridge - INFO     - [Bridge.py:178  } [API]Status 200
[2018-06-05 12:33:59] - Bridge - INFO     - [Bridge.py:263  } object0001
[2018-06-05 12:33:59] - Bridge - INFO     - [Bridge.py:173  } [API]Requesting https://develop2.symphony.com/agent/v4/stream/LeKYFCKLJF6gTk-N4H_3w3___pwyjypqdA/message/create
[2018-06-05 12:34:00] - Bridge - INFO     - [Bridge.py:178  } [API]Status 200
[2018-06-05 12:34:04] - Bridge - INFO     - [Bridge.py:173  } [API]Requesting https://develop2.symphony.com//pod/v3/room/create
[2018-06-05 12:34:06] - Bridge - INFO     - [Bridge.py:178  } [API]Status 200
[2018-06-05 12:34:09] - Bridge - INFO     - [Bridge.py:173  } [API]Requesting https://develop2.symphony.com/pod/v1/room/PyUD3-TTQWvnzjEAzqJQaH___pwxxs0QdA/membership/add
[2018-06-05 12:34:10] - Bridge - INFO     - [Bridge.py:178  } [API]Status 200
[2018-06-05 12:34:13] - Bridge - INFO     - [Bridge.py:173  } [API]Requesting https://develop2.symphony.com/pod/v1/room/PyUD3-TTQWvnzjEAzqJQaH___pwxxs0QdA/membership/add
[2018-06-05 12:34:14] - Bridge - INFO     - [Bridge.py:178  } [API]Status 200
[2018-06-05 13:05:34] - Bridge - INFO     - [Bridge.py:173  } [API]Requesting https://develop2.symphony.com/pod/v2/sessioninfo
[2018-06-05 13:05:36] - Bridge - INFO     - [Bridge.py:178  } [API]Status 200
[2018-06-05 13:12:32] - Bridge - INFO     - [Bridge.py:173  } [API]Requesting https://develop2.symphony.com/pod/v2/sessioninfo
[2018-06-05 13:12:33] - Bridge - INFO     - [Bridge.py:178  } [API]Status 200
[2018-06-05 13:15:03] - Bridge - INFO     - [Bridge.py:173  } [API]Requesting https://develop2.symphony.com/pod/v2/sessioninfo
[2018-06-05 13:15:05] - Bridge - INFO     - [Bridge.py:178  } [API]Status 200
[2018-06-05 13:15:35] - Bridge - INFO     - [Bridge.py:263  } object0001
[2018-06-05 13:15:35] - Bridge - INFO     - [Bridge.py:173  } [API]Requesting https://develop2.symphony.com/agent/v4/stream/LeKYFCKLJF6gTk-N4H_3w3___pwyjypqdA/message/create
[2018-06-05 13:15:36] - Bridge - INFO     - [Bridge.py:178  } [API]Status 200
[2018-06-05 13:19:52] - Bridge - INFO     - [Bridge.py:173  } [API]Requesting https://develop2.symphony.com/pod/v2/sessioninfo
[2018-06-05 13:19:53] - Bridge - INFO     - [Bridge.py:178  } [API]Status 200
[2018-06-05 13:20:37] - Bridge - INFO     - [Bridge.py:263  } object0001
[2018-06-05 13:20:37] - Bridge - INFO     - [Bridge.py:173  } [API]Requesting https://develop2.symphony.com/agent/v4/stream/LeKYFCKLJF6gTk-N4H_3w3___pwyjypqdA/message/create
[2018-06-05 13:20:39] - Bridge - INFO     - [Bridge.py:178  } [API]Status 200
[2018-06-05 13:27:06] - Bridge - INFO     - [Bridge.py:173  } [API]Requesting https://develop2.symphony.com/pod/v2/sessioninfo
[2018-06-05 13:27:07] - Bridge - INFO     - [Bridge.py:178  } [API]Status 200
[2018-06-05 13:28:01] - Bridge - INFO     - [Bridge.py:173  } [API]Requesting https://develop2.symphony.com/pod/v2/sessioninfo
[2018-06-05 13:28:03] - Bridge - INFO     - [Bridge.py:178  } [API]Status 200
[2018-06-05 13:28:10] - Bridge - INFO     - [Bridge.py:263  } object0001
[2018-06-05 13:28:10] - Bridge - INFO     - [Bridge.py:173  } [API]Requesting https://develop2.symphony.com/agent/v4/stream/LeKYFCKLJF6gTk-N4H_3w3___pwyjypqdA/message/create
[2018-06-05 13:28:12] - Bridge - INFO     - [Bridge.py:178  } [API]Status 200
[2018-06-05 13:28:16] - Bridge - INFO     - [Bridge.py:173  } [API]Requesting https://develop2.symphony.com//pod/v3/room/create
[2018-06-05 13:28:17] - Bridge - INFO     - [Bridge.py:178  } [API]Status 200
[2018-06-05 13:28:17] - Bridge - INFO     - [Bridge.py:173  } [API]Requesting https://develop2.symphony.com/pod/v1/room/fIXftY-LaALMmBqMT7HTQ3___pwxlS_FdA/membership/add
[2018-06-05 13:28:18] - Bridge - INFO     - [Bridge.py:178  } [API]Status 200
[2018-06-05 13:28:18] - Bridge - INFO     - [Bridge.py:173  } [API]Requesting https://develop2.symphony.com/pod/v1/room/fIXftY-LaALMmBqMT7HTQ3___pwxlS_FdA/membership/add
[2018-06-05 13:28:19] - Bridge - INFO     - [Bridge.py:178  } [API]Status 200
[2018-06-05 13:28:19] - Bridge - INFO     - [Bridge.py:173  } [API]Requesting https://develop2.symphony.com/agent/v4/stream/fIXftY-LaALMmBqMT7HTQ3___pwxlS_FdA/message/create
[2018-06-05 13:28:20] - Bridge - INFO     - [Bridge.py:178  } [API]Status 200
[2018-06-05 13:32:33] - Bridge - INFO     - [Bridge.py:263  } question
[2018-06-05 13:32:33] - Bridge - INFO     - [Bridge.py:173  } [API]Requesting https://develop2.symphony.com/agent/v4/stream/LeKYFCKLJF6gTk-N4H_3w3___pwyjypqdA/message/create
[2018-06-05 13:34:31] - Bridge - INFO     - [Bridge.py:173  } [API]Requesting https://develop2.symphony.com/pod/v2/sessioninfo
[2018-06-05 13:34:33] - Bridge - INFO     - [Bridge.py:178  } [API]Status 200
[2018-06-05 13:34:39] - Bridge - INFO     - [Bridge.py:263  } object0001
[2018-06-05 13:34:39] - Bridge - INFO     - [Bridge.py:173  } [API]Requesting https://develop2.symphony.com/agent/v4/stream/LeKYFCKLJF6gTk-N4H_3w3___pwyjypqdA/message/create
[2018-06-05 13:34:41] - Bridge - INFO     - [Bridge.py:178  } [API]Status 200
[2018-06-05 13:34:45] - Bridge - INFO     - [Bridge.py:173  } [API]Requesting https://develop2.symphony.com//pod/v3/room/create
[2018-06-05 13:34:47] - Bridge - INFO     - [Bridge.py:178  } [API]Status 200
[2018-06-05 13:34:47] - Bridge - INFO     - [Bridge.py:173  } [API]Requesting https://develop2.symphony.com/pod/v1/room/ADPk_aik7Q8tN5-7sArfg3___pwxjz06dA/membership/add
[2018-06-05 13:34:48] - Bridge - INFO     - [Bridge.py:178  } [API]Status 200
[2018-06-05 13:34:48] - Bridge - INFO     - [Bridge.py:173  } [API]Requesting https://develop2.symphony.com/pod/v1/room/ADPk_aik7Q8tN5-7sArfg3___pwxjz06dA/membership/add
[2018-06-05 13:34:49] - Bridge - INFO     - [Bridge.py:178  } [API]Status 200
[2018-06-05 13:34:49] - Bridge - INFO     - [Bridge.py:173  } [API]Requesting https://develop2.symphony.com/agent/v4/stream/ADPk_aik7Q8tN5-7sArfg3___pwxjz06dA/message/create
[2018-06-05 13:34:50] - Bridge - INFO     - [Bridge.py:178  } [API]Status 200
[2018-06-05 13:40:50] - Bridge - INFO     - [Bridge.py:173  } [API]Requesting https://develop2.symphony.com/pod/v2/sessioninfo
[2018-06-05 13:40:51] - Bridge - INFO     - [Bridge.py:178  } [API]Status 200
[2018-06-05 13:40:54] - Bridge - INFO     - [Bridge.py:263  } object0001
[2018-06-05 13:40:54] - Bridge - INFO     - [Bridge.py:173  } [API]Requesting https://develop2.symphony.com/agent/v4/stream/ADPk_aik7Q8tN5-7sArfg3___pwxjz06dA/message/create
[2018-06-05 13:40:55] - Bridge - INFO     - [Bridge.py:178  } [API]Status 200
[2018-06-05 13:41:49] - Bridge - INFO     - [Bridge.py:263  } object0001
[2018-06-05 13:41:49] - Bridge - INFO     - [Bridge.py:173  } [API]Requesting https://develop2.symphony.com/agent/v4/stream/LeKYFCKLJF6gTk-N4H_3w3___pwyjypqdA/message/create
[2018-06-05 13:41:50] - Bridge - INFO     - [Bridge.py:178  } [API]Status 200
[2018-06-05 13:41:53] - Bridge - INFO     - [Bridge.py:173  } [API]Requesting https://develop2.symphony.com//pod/v3/room/create
[2018-06-05 13:41:55] - Bridge - INFO     - [Bridge.py:178  } [API]Status 200
[2018-06-05 13:41:55] - Bridge - INFO     - [Bridge.py:173  } [API]Requesting https://develop2.symphony.com/pod/v1/room/cPxhNW-PJrpcMkYf_LeSMH___pwxiLXPdA/membership/add
[2018-06-05 13:41:55] - Bridge - INFO     - [Bridge.py:178  } [API]Status 200
[2018-06-05 13:41:55] - Bridge - INFO     - [Bridge.py:173  } [API]Requesting https://develop2.symphony.com/pod/v1/room/cPxhNW-PJrpcMkYf_LeSMH___pwxiLXPdA/membership/add
[2018-06-05 13:41:56] - Bridge - INFO     - [Bridge.py:178  } [API]Status 200
[2018-06-05 13:41:57] - Bridge - INFO     - [Bridge.py:173  } [API]Requesting https://develop2.symphony.com/agent/v4/stream/cPxhNW-PJrpcMkYf_LeSMH___pwxiLXPdA/message/create
[2018-06-05 13:41:58] - Bridge - INFO     - [Bridge.py:178  } [API]Status 200
[2018-06-05 13:50:38] - Bridge - INFO     - [Bridge.py:263  } object0001
[2018-06-05 13:50:38] - Bridge - INFO     - [Bridge.py:173  } [API]Requesting https://develop2.symphony.com/agent/v4/stream/_XL5sJ1fH8LAbf9UiqzAe3___pwxgNv4dA/message/create
[2018-06-05 13:50:40] - Bridge - INFO     - [Bridge.py:178  } [API]Status 200
[2018-06-05 13:51:50] - Bridge - INFO     - [Bridge.py:173  } [API]Requesting https://develop2.symphony.com/pod/v2/sessioninfo
[2018-06-05 13:51:51] - Bridge - INFO     - [Bridge.py:178  } [API]Status 200
[2018-06-05 13:51:51] - Bridge - INFO     - [Bridge.py:173  } [API]Requesting https://develop2.symphony.com/pod/v1/streams/list
[2018-06-05 13:51:52] - Bridge - INFO     - [Bridge.py:178  } [API]Status 200
[2018-06-05 13:51:52] - Bridge - INFO     - [Bridge.py:173  } [API]Requesting https://develop2.symphony.com//pod/v2/user?uid=349026222342332&local=true
[2018-06-05 13:51:53] - Bridge - INFO     - [Bridge.py:178  } [API]Status 200
[2018-06-05 13:51:53] - Bridge - INFO     - [Bridge.py:173  } [API]Requesting https://develop2.symphony.com//pod/v2/user?uid=349026222342197&local=true
[2018-06-05 13:51:54] - Bridge - INFO     - [Bridge.py:178  } [API]Status 200
[2018-06-05 13:51:54] - Bridge - INFO     - [Bridge.py:173  } [API]Requesting https://develop2.symphony.com//pod/v2/user?uid=349026222342283&local=true
[2018-06-05 13:51:55] - Bridge - INFO     - [Bridge.py:178  } [API]Status 200
[2018-06-05 13:51:55] - Bridge - INFO     - [Bridge.py:173  } [API]Requesting https://develop2.symphony.com//pod/v2/user?uid=349026222342271&local=true
[2018-06-05 13:51:56] - Bridge - INFO     - [Bridge.py:178  } [API]Status 200
[2018-06-05 13:53:09] - Bridge - INFO     - [Bridge.py:173  } [API]Requesting https://develop2.symphony.com/pod/v2/sessioninfo
[2018-06-05 13:53:10] - Bridge - INFO     - [Bridge.py:178  } [API]Status 200
[2018-06-05 13:53:10] - Bridge - INFO     - [Bridge.py:173  } [API]Requesting https://develop2.symphony.com/pod/v1/streams/list
[2018-06-05 13:53:11] - Bridge - INFO     - [Bridge.py:178  } [API]Status 200
[2018-06-05 13:53:11] - Bridge - INFO     - [Bridge.py:173  } [API]Requesting https://develop2.symphony.com//pod/v2/user?uid=349026222342332&local=true
[2018-06-05 13:53:13] - Bridge - INFO     - [Bridge.py:178  } [API]Status 200
[2018-06-05 13:53:13] - Bridge - INFO     - [Bridge.py:173  } [API]Requesting https://develop2.symphony.com//pod/v2/user?uid=349026222342197&local=true
[2018-06-05 13:53:14] - Bridge - INFO     - [Bridge.py:178  } [API]Status 200
[2018-06-05 13:53:14] - Bridge - INFO     - [Bridge.py:173  } [API]Requesting https://develop2.symphony.com//pod/v2/user?uid=349026222342283&local=true
[2018-06-05 13:53:15] - Bridge - INFO     - [Bridge.py:178  } [API]Status 200
[2018-06-05 13:53:15] - Bridge - INFO     - [Bridge.py:173  } [API]Requesting https://develop2.symphony.com//pod/v2/user?uid=349026222342271&local=true
[2018-06-05 13:53:16] - Bridge - INFO     - [Bridge.py:178  } [API]Status 200
[2018-06-05 13:54:21] - Bridge - INFO     - [Bridge.py:173  } [API]Requesting https://develop2.symphony.com/pod/v2/sessioninfo
[2018-06-05 13:54:22] - Bridge - INFO     - [Bridge.py:178  } [API]Status 200
[2018-06-05 13:54:22] - Bridge - INFO     - [Bridge.py:173  } [API]Requesting https://develop2.symphony.com/pod/v1/streams/list
[2018-06-05 13:54:24] - Bridge - INFO     - [Bridge.py:178  } [API]Status 200
[2018-06-05 13:54:24] - Bridge - INFO     - [Bridge.py:173  } [API]Requesting https://develop2.symphony.com//pod/v2/user?uid=349026222342332&local=true
[2018-06-05 13:54:25] - Bridge - INFO     - [Bridge.py:178  } [API]Status 200
[2018-06-05 13:54:25] - Bridge - INFO     - [Bridge.py:173  } [API]Requesting https://develop2.symphony.com//pod/v2/user?uid=349026222342197&local=true
[2018-06-05 13:54:26] - Bridge - INFO     - [Bridge.py:178  } [API]Status 200
[2018-06-05 13:54:26] - Bridge - INFO     - [Bridge.py:173  } [API]Requesting https://develop2.symphony.com//pod/v2/user?uid=349026222342283&local=true
[2018-06-05 13:54:27] - Bridge - INFO     - [Bridge.py:178  } [API]Status 200
[2018-06-05 13:54:27] - Bridge - INFO     - [Bridge.py:173  } [API]Requesting https://develop2.symphony.com//pod/v2/user?uid=349026222342271&local=true
[2018-06-05 13:54:28] - Bridge - INFO     - [Bridge.py:178  } [API]Status 200
[2018-06-05 13:56:01] - Bridge - INFO     - [Bridge.py:173  } [API]Requesting https://develop2.symphony.com/pod/v2/sessioninfo
[2018-06-05 13:56:02] - Bridge - INFO     - [Bridge.py:178  } [API]Status 200
[2018-06-05 13:56:43] - Bridge - INFO     - [Bridge.py:263  } object0001
[2018-06-05 13:56:43] - Bridge - INFO     - [Bridge.py:173  } [API]Requesting https://develop2.symphony.com/agent/v4/stream/cPxhNW-PJrpcMkYf_LeSMH___pwxiLXPdA/message/create
[2018-06-05 13:56:44] - Bridge - INFO     - [Bridge.py:178  } [API]Status 200
[2018-06-05 13:58:59] - Bridge - INFO     - [Bridge.py:263  } object0001
[2018-06-05 13:58:59] - Bridge - INFO     - [Bridge.py:173  } [API]Requesting https://develop2.symphony.com/agent/v4/stream/cPxhNW-PJrpcMkYf_LeSMH___pwxiLXPdA/message/create
[2018-06-05 13:59:00] - Bridge - INFO     - [Bridge.py:178  } [API]Status 200
[2018-06-05 14:00:28] - Bridge - INFO     - [Bridge.py:263  } object0001
[2018-06-05 14:00:28] - Bridge - INFO     - [Bridge.py:173  } [API]Requesting https://develop2.symphony.com/agent/v4/stream/LeKYFCKLJF6gTk-N4H_3w3___pwyjypqdA/message/create
[2018-06-05 14:00:29] - Bridge - INFO     - [Bridge.py:178  } [API]Status 200
[2018-06-05 14:07:56] - Bridge - INFO     - [Bridge.py:263  } object0001
[2018-06-05 14:07:56] - Bridge - INFO     - [Bridge.py:173  } [API]Requesting https://develop2.symphony.com/agent/v4/stream/_XL5sJ1fH8LAbf9UiqzAe3___pwxgNv4dA/message/create
[2018-06-05 14:07:57] - Bridge - INFO     - [Bridge.py:178  } [API]Status 200
[2018-06-05 14:08:42] - Bridge - INFO     - [Bridge.py:173  } [API]Requesting https://develop2.symphony.com/pod/v2/sessioninfo
[2018-06-05 14:08:44] - Bridge - INFO     - [Bridge.py:178  } [API]Status 200
[2018-06-05 14:09:01] - Bridge - INFO     - [Bridge.py:263  } object0001
[2018-06-05 14:09:01] - Bridge - INFO     - [Bridge.py:173  } [API]Requesting https://develop2.symphony.com/agent/v4/stream/fIXftY-LaALMmBqMT7HTQ3___pwxlS_FdA/message/create
[2018-06-05 14:09:02] - Bridge - INFO     - [Bridge.py:178  } [API]Status 200
[2018-06-05 14:17:34] - Bridge - INFO     - [Bridge.py:173  } [API]Requesting https://develop2.symphony.com/pod/v2/sessioninfo
[2018-06-05 14:17:36] - Bridge - INFO     - [Bridge.py:178  } [API]Status 200
[2018-06-05 14:25:09] - Bridge - INFO     - [Bridge.py:173  } [API]Requesting https://develop2.symphony.com/pod/v2/sessioninfo
[2018-06-05 14:25:10] - Bridge - INFO     - [Bridge.py:178  } [API]Status 200
[2018-06-05 14:25:28] - Bridge - INFO     - [Bridge.py:173  } [API]Requesting https://develop2.symphony.com/agent/v4/stream/fIXftY-LaALMmBqMT7HTQ3___pwxlS_FdA/message/create
[2018-06-05 14:25:29] - Bridge - INFO     - [Bridge.py:178  } [API]Status 200
[2018-06-05 14:26:39] - Bridge - INFO     - [Bridge.py:173  } [API]Requesting https://develop2.symphony.com/pod/v2/sessioninfo
[2018-06-05 14:26:40] - Bridge - INFO     - [Bridge.py:178  } [API]Status 200
[2018-06-05 14:26:46] - Bridge - INFO     - [Bridge.py:173  } [API]Requesting https://develop2.symphony.com/agent/v4/stream/fIXftY-LaALMmBqMT7HTQ3___pwxlS_FdA/message/create
[2018-06-05 14:26:47] - Bridge - INFO     - [Bridge.py:178  } [API]Status 200
[2018-06-05 14:29:11] - Bridge - INFO     - [Bridge.py:173  } [API]Requesting https://develop2.symphony.com/pod/v2/sessioninfo
[2018-06-05 14:29:12] - Bridge - INFO     - [Bridge.py:178  } [API]Status 200
[2018-06-05 14:29:19] - Bridge - INFO     - [Bridge.py:173  } [API]Requesting https://develop2.symphony.com/agent/v4/stream/fIXftY-LaALMmBqMT7HTQ3___pwxlS_FdA/message/create
[2018-06-05 14:29:20] - Bridge - INFO     - [Bridge.py:178  } [API]Status 200
[2018-06-05 14:29:30] - Bridge - INFO     - [Bridge.py:173  } [API]Requesting https://develop2.symphony.com/pod/v3/room/fIXftY-LaALMmBqMT7HTQ3___pwxlS_FdA/update
[2018-06-05 14:29:31] - Bridge - INFO     - [Bridge.py:178  } [API]Status 200
[2018-06-05 14:49:23] - Bridge - INFO     - [Bridge.py:173  } [API]Requesting https://develop2.symphony.com/pod/v2/sessioninfo
[2018-06-05 14:49:25] - Bridge - INFO     - [Bridge.py:178  } [API]Status 200
[2018-06-05 14:50:19] - Bridge - INFO     - [Bridge.py:173  } [API]Requesting https://develop2.symphony.com/pod/v1/room/{'roomId': 'fIXftY-LaALMmBqMT7HTQ3___pwxlS_FdA'}/membership/add
[2018-06-05 14:51:10] - Bridge - INFO     - [Bridge.py:173  } [API]Requesting https://develop2.symphony.com/pod/v2/sessioninfo
[2018-06-05 14:51:11] - Bridge - INFO     - [Bridge.py:178  } [API]Status 200
[2018-06-05 14:51:18] - Bridge - INFO     - [Bridge.py:263  } object0001
[2018-06-05 14:51:18] - Bridge - INFO     - [Bridge.py:173  } [API]Requesting https://develop2.symphony.com/agent/v4/stream/LeKYFCKLJF6gTk-N4H_3w3___pwyjypqdA/message/create
[2018-06-05 14:51:19] - Bridge - INFO     - [Bridge.py:178  } [API]Status 200
[2018-06-05 14:51:27] - Bridge - INFO     - [Bridge.py:173  } [API]Requesting https://develop2.symphony.com//pod/v3/room/create
[2018-06-05 14:51:28] - Bridge - INFO     - [Bridge.py:178  } [API]Status 200
[2018-06-05 14:51:28] - Bridge - INFO     - [Bridge.py:173  } [API]Requesting https://develop2.symphony.com/pod/v1/room/QE8joKzw2PpuqQJ5fe23XX___pwxSQYgdA/membership/add
[2018-06-05 14:51:29] - Bridge - INFO     - [Bridge.py:178  } [API]Status 200
[2018-06-05 14:51:29] - Bridge - INFO     - [Bridge.py:173  } [API]Requesting https://develop2.symphony.com/pod/v1/room/QE8joKzw2PpuqQJ5fe23XX___pwxSQYgdA/membership/add
[2018-06-05 14:51:30] - Bridge - INFO     - [Bridge.py:178  } [API]Status 200
[2018-06-05 14:51:30] - Bridge - INFO     - [Bridge.py:173  } [API]Requesting https://develop2.symphony.com/agent/v4/stream/QE8joKzw2PpuqQJ5fe23XX___pwxSQYgdA/message/create
[2018-06-05 14:51:31] - Bridge - INFO     - [Bridge.py:178  } [API]Status 200
[2018-06-05 14:51:51] - Bridge - INFO     - [Bridge.py:173  } [API]Requesting https://develop2.symphony.com/agent/v4/stream/QE8joKzw2PpuqQJ5fe23XX___pwxSQYgdA/message/create
[2018-06-05 14:53:54] - Bridge - INFO     - [Bridge.py:173  } [API]Requesting https://develop2.symphony.com/pod/v2/sessioninfo
[2018-06-05 14:53:55] - Bridge - INFO     - [Bridge.py:178  } [API]Status 200
[2018-06-05 14:54:05] - Bridge - INFO     - [Bridge.py:263  } object0001
[2018-06-05 14:54:05] - Bridge - INFO     - [Bridge.py:173  } [API]Requesting https://develop2.symphony.com/agent/v4/stream/LeKYFCKLJF6gTk-N4H_3w3___pwyjypqdA/message/create
[2018-06-05 14:54:06] - Bridge - INFO     - [Bridge.py:178  } [API]Status 200
[2018-06-05 14:54:12] - Bridge - INFO     - [Bridge.py:173  } [API]Requesting https://develop2.symphony.com//pod/v3/room/create
[2018-06-05 14:54:13] - Bridge - INFO     - [Bridge.py:178  } [API]Status 200
[2018-06-05 14:54:13] - Bridge - INFO     - [Bridge.py:173  } [API]Requesting https://develop2.symphony.com/pod/v1/room/sJKGohpsjkVkqRVO_k9MdX___pwxRoLpdA/membership/add
[2018-06-05 14:54:14] - Bridge - INFO     - [Bridge.py:178  } [API]Status 200
[2018-06-05 14:54:14] - Bridge - INFO     - [Bridge.py:173  } [API]Requesting https://develop2.symphony.com/pod/v1/room/sJKGohpsjkVkqRVO_k9MdX___pwxRoLpdA/membership/add
[2018-06-05 14:54:15] - Bridge - INFO     - [Bridge.py:178  } [API]Status 200
[2018-06-05 14:54:15] - Bridge - INFO     - [Bridge.py:173  } [API]Requesting https://develop2.symphony.com/agent/v4/stream/sJKGohpsjkVkqRVO_k9MdX___pwxRoLpdA/message/create
[2018-06-05 14:54:16] - Bridge - INFO     - [Bridge.py:178  } [API]Status 200
[2018-06-05 14:54:25] - Bridge - INFO     - [Bridge.py:173  } [API]Requesting https://develop2.symphony.com/agent/v4/stream/sJKGohpsjkVkqRVO_k9MdX___pwxRoLpdA/message/create
[2018-06-05 14:54:26] - Bridge - INFO     - [Bridge.py:178  } [API]Status 200
[2018-06-05 14:54:42] - Bridge - INFO     - [Bridge.py:173  } [API]Requesting https://develop2.symphony.com/pod/v3/room/sJKGohpsjkVkqRVO_k9MdX___pwxRoLpdA/update
[2018-06-05 14:54:44] - Bridge - INFO     - [Bridge.py:178  } [API]Status 200
[2018-06-05 14:56:48] - Bridge - INFO     - [Bridge.py:263  } object0001
[2018-06-05 14:56:48] - Bridge - INFO     - [Bridge.py:173  } [API]Requesting https://develop2.symphony.com/agent/v4/stream/LeKYFCKLJF6gTk-N4H_3w3___pwyjypqdA/message/create
[2018-06-05 14:56:50] - Bridge - INFO     - [Bridge.py:178  } [API]Status 200
[2018-06-05 14:56:54] - Bridge - INFO     - [Bridge.py:173  } [API]Requesting https://develop2.symphony.com//pod/v3/room/create
[2018-06-05 14:56:55] - Bridge - INFO     - [Bridge.py:178  } [API]Status 200
[2018-06-05 14:56:55] - Bridge - INFO     - [Bridge.py:173  } [API]Requesting https://develop2.symphony.com/pod/v1/room/YHqgm_O1C3_qtSB8-M-GdX___pwxRAgjdA/membership/add
[2018-06-05 14:56:56] - Bridge - INFO     - [Bridge.py:178  } [API]Status 200
[2018-06-05 14:56:56] - Bridge - INFO     - [Bridge.py:173  } [API]Requesting https://develop2.symphony.com/pod/v1/room/YHqgm_O1C3_qtSB8-M-GdX___pwxRAgjdA/membership/add
[2018-06-05 14:56:58] - Bridge - INFO     - [Bridge.py:178  } [API]Status 200
[2018-06-05 14:56:58] - Bridge - INFO     - [Bridge.py:173  } [API]Requesting https://develop2.symphony.com/agent/v4/stream/YHqgm_O1C3_qtSB8-M-GdX___pwxRAgjdA/message/create
[2018-06-05 14:56:59] - Bridge - INFO     - [Bridge.py:178  } [API]Status 200
[2018-06-05 14:57:19] - Bridge - INFO     - [Bridge.py:173  } [API]Requesting https://develop2.symphony.com/pod/v1/room/{'roomId': 'fIXftY-LaALMmBqMT7HTQ3___pwxlS_FdA'}/membership/add
[2018-06-05 14:58:01] - Bridge - INFO     - [Bridge.py:173  } [API]Requesting https://develop2.symphony.com/pod/v2/sessioninfo
[2018-06-05 14:58:03] - Bridge - INFO     - [Bridge.py:178  } [API]Status 200
[2018-06-05 14:58:27] - Bridge - INFO     - [Bridge.py:173  } [API]Requesting https://develop2.symphony.com/pod/v2/sessioninfo
[2018-06-05 14:58:28] - Bridge - INFO     - [Bridge.py:178  } [API]Status 200
[2018-06-05 14:58:44] - Bridge - INFO     - [Bridge.py:173  } [API]Requesting https://develop2.symphony.com/pod/v1/room/fIXftY-LaALMmBqMT7HTQ3___pwxlS_FdA/membership/add
[2018-06-05 14:58:45] - Bridge - INFO     - [Bridge.py:178  } [API]Status 200
[2018-06-05 14:58:45] - Bridge - INFO     - [Bridge.py:263  } object0001
[2018-06-05 14:58:45] - Bridge - INFO     - [Bridge.py:173  } [API]Requesting https://develop2.symphony.com/agent/v4/stream/LeKYFCKLJF6gTk-N4H_3w3___pwyjypqdA/message/create
[2018-06-05 14:58:46] - Bridge - INFO     - [Bridge.py:178  } [API]Status 200
[2018-06-05 14:59:34] - Bridge - INFO     - [Bridge.py:173  } [API]Requesting https://develop2.symphony.com/pod/v2/sessioninfo
[2018-06-05 14:59:35] - Bridge - INFO     - [Bridge.py:178  } [API]Status 200
[2018-06-05 14:59:49] - Bridge - INFO     - [Bridge.py:173  } [API]Requesting https://develop2.symphony.com/pod/v1/room/fIXftY-LaALMmBqMT7HTQ3___pwxlS_FdA/membership/add
[2018-06-05 14:59:50] - Bridge - INFO     - [Bridge.py:178  } [API]Status 200
[2018-06-05 14:59:50] - Bridge - INFO     - [Bridge.py:263  } object0001
[2018-06-05 14:59:50] - Bridge - INFO     - [Bridge.py:173  } [API]Requesting https://develop2.symphony.com/agent/v4/stream/LeKYFCKLJF6gTk-N4H_3w3___pwyjypqdA/message/create
[2018-06-05 14:59:51] - Bridge - INFO     - [Bridge.py:178  } [API]Status 200
[2018-06-05 15:00:56] - Bridge - INFO     - [Bridge.py:173  } [API]Requesting https://develop2.symphony.com/pod/v2/sessioninfo
[2018-06-05 15:00:58] - Bridge - INFO     - [Bridge.py:178  } [API]Status 200
[2018-06-05 15:01:33] - Bridge - INFO     - [Bridge.py:173  } [API]Requesting https://develop2.symphony.com/pod/v1/room/fIXftY-LaALMmBqMT7HTQ3___pwxlS_FdA/membership/add
[2018-06-05 15:01:34] - Bridge - INFO     - [Bridge.py:178  } [API]Status 200
[2018-06-05 15:02:36] - Bridge - INFO     - [Bridge.py:173  } [API]Requesting https://develop2.symphony.com/pod/v2/sessioninfo
[2018-06-05 15:02:37] - Bridge - INFO     - [Bridge.py:178  } [API]Status 200
[2018-06-05 15:02:53] - Bridge - INFO     - [Bridge.py:173  } [API]Requesting https://develop2.symphony.com/agent/v4/stream/LeKYFCKLJF6gTk-N4H_3w3___pwyjypqdA/message/create
[2018-06-05 15:02:54] - Bridge - INFO     - [Bridge.py:178  } [API]Status 200
[2018-06-05 15:02:54] - Bridge - INFO     - [Bridge.py:173  } [API]Requesting https://develop2.symphony.com/pod/v1/room/fIXftY-LaALMmBqMT7HTQ3___pwxlS_FdA/membership/add
[2018-06-05 15:02:55] - Bridge - INFO     - [Bridge.py:178  } [API]Status 200
[2018-06-05 15:03:38] - Bridge - INFO     - [Bridge.py:263  } object0001
[2018-06-05 15:03:38] - Bridge - INFO     - [Bridge.py:173  } [API]Requesting https://develop2.symphony.com/agent/v4/stream/LeKYFCKLJF6gTk-N4H_3w3___pwyjypqdA/message/create
[2018-06-05 15:03:40] - Bridge - INFO     - [Bridge.py:178  } [API]Status 200
[2018-06-05 15:03:44] - Bridge - INFO     - [Bridge.py:173  } [API]Requesting https://develop2.symphony.com//pod/v3/room/create
[2018-06-05 15:03:45] - Bridge - INFO     - [Bridge.py:178  } [API]Status 200
[2018-06-05 15:03:45] - Bridge - INFO     - [Bridge.py:173  } [API]Requesting https://develop2.symphony.com/pod/v1/room/9DLRz7obGwtJItDI_HivPX___pwxPcdNdA/membership/add
[2018-06-05 15:03:46] - Bridge - INFO     - [Bridge.py:178  } [API]Status 200
[2018-06-05 15:03:46] - Bridge - INFO     - [Bridge.py:173  } [API]Requesting https://develop2.symphony.com/pod/v1/room/9DLRz7obGwtJItDI_HivPX___pwxPcdNdA/membership/add
[2018-06-05 15:03:47] - Bridge - INFO     - [Bridge.py:178  } [API]Status 200
[2018-06-05 15:03:47] - Bridge - INFO     - [Bridge.py:173  } [API]Requesting https://develop2.symphony.com/agent/v4/stream/9DLRz7obGwtJItDI_HivPX___pwxPcdNdA/message/create
[2018-06-05 15:03:49] - Bridge - INFO     - [Bridge.py:178  } [API]Status 200
[2018-06-05 15:03:57] - Bridge - INFO     - [Bridge.py:173  } [API]Requesting https://develop2.symphony.com/agent/v4/stream/9DLRz7obGwtJItDI_HivPX___pwxPcdNdA/message/create
[2018-06-05 15:03:58] - Bridge - INFO     - [Bridge.py:178  } [API]Status 200
[2018-06-05 15:04:04] - Bridge - INFO     - [Bridge.py:173  } [API]Requesting https://develop2.symphony.com/pod/v3/room/9DLRz7obGwtJItDI_HivPX___pwxPcdNdA/update
[2018-06-05 15:04:05] - Bridge - INFO     - [Bridge.py:178  } [API]Status 200
[2018-06-05 15:04:41] - Bridge - INFO     - [Bridge.py:173  } [API]Requesting https://develop2.symphony.com/agent/v4/stream/LeKYFCKLJF6gTk-N4H_3w3___pwyjypqdA/message/create
[2018-06-05 15:04:42] - Bridge - INFO     - [Bridge.py:178  } [API]Status 200
[2018-06-05 15:04:42] - Bridge - INFO     - [Bridge.py:173  } [API]Requesting https://develop2.symphony.com/pod/v1/room/fIXftY-LaALMmBqMT7HTQ3___pwxlS_FdA/membership/add
[2018-06-05 15:04:43] - Bridge - INFO     - [Bridge.py:178  } [API]Status 200
[2018-06-05 15:10:04] - Bridge - INFO     - [Bridge.py:173  } [API]Requesting https://develop2.symphony.com/pod/v2/sessioninfo
[2018-06-05 15:10:05] - Bridge - INFO     - [Bridge.py:178  } [API]Status 200
[2018-06-05 15:10:05] - Bridge - INFO     - [Bridge.py:173  } [API]Requesting https://develop2.symphony.com/pod/v1/streams/list
[2018-06-05 15:10:06] - Bridge - INFO     - [Bridge.py:178  } [API]Status 200
[2018-06-05 15:10:06] - Bridge - INFO     - [Bridge.py:173  } [API]Requesting https://develop2.symphony.com//pod/v2/user?uid=349026222342332&local=true
[2018-06-05 15:10:08] - Bridge - INFO     - [Bridge.py:178  } [API]Status 200
[2018-06-05 15:10:08] - Bridge - INFO     - [Bridge.py:173  } [API]Requesting https://develop2.symphony.com//pod/v2/user?uid=349026222342197&local=true
[2018-06-05 15:10:09] - Bridge - INFO     - [Bridge.py:178  } [API]Status 200
[2018-06-05 15:10:09] - Bridge - INFO     - [Bridge.py:173  } [API]Requesting https://develop2.symphony.com//pod/v2/user?uid=349026222342283&local=true
[2018-06-05 15:10:10] - Bridge - INFO     - [Bridge.py:178  } [API]Status 200
[2018-06-05 15:10:10] - Bridge - INFO     - [Bridge.py:173  } [API]Requesting https://develop2.symphony.com//pod/v2/user?uid=349026222342271&local=true
[2018-06-05 15:10:11] - Bridge - INFO     - [Bridge.py:178  } [API]Status 200
[2018-06-05 15:10:51] - Bridge - INFO     - [Bridge.py:173  } [API]Requesting https://develop2.symphony.com/pod/v2/sessioninfo
[2018-06-05 15:10:53] - Bridge - INFO     - [Bridge.py:178  } [API]Status 200
[2018-06-05 15:11:12] - Bridge - INFO     - [Bridge.py:173  } [API]Requesting https://develop2.symphony.com/agent/v4/stream/LeKYFCKLJF6gTk-N4H_3w3___pwyjypqdA/message/create
[2018-06-05 15:11:14] - Bridge - INFO     - [Bridge.py:178  } [API]Status 200
[2018-06-05 15:11:14] - Bridge - INFO     - [Bridge.py:173  } [API]Requesting https://develop2.symphony.com/pod/v1/room/9DLRz7obGwtJItDI_HivPX___pwxPcdNdA/membership/remove
[2018-06-05 15:11:15] - Bridge - INFO     - [Bridge.py:178  } [API]Status 200
[2018-06-05 15:11:15] - Bridge - INFO     - [Bridge.py:173  } [API]Requesting https://develop2.symphony.com/pod/v1/room/9DLRz7obGwtJItDI_HivPX___pwxPcdNdA/membership/add
[2018-06-05 15:11:16] - Bridge - INFO     - [Bridge.py:178  } [API]Status 200
[2018-06-05 15:11:45] - Bridge - INFO     - [Bridge.py:173  } [API]Requesting https://develop2.symphony.com/agent/v4/stream/LeKYFCKLJF6gTk-N4H_3w3___pwyjypqdA/message/create
[2018-06-05 15:11:46] - Bridge - INFO     - [Bridge.py:178  } [API]Status 200
[2018-06-05 15:11:46] - Bridge - INFO     - [Bridge.py:173  } [API]Requesting https://develop2.symphony.com/pod/v1/room/9DLRz7obGwtJItDI_HivPX___pwxPcdNdA/membership/remove
[2018-06-05 15:11:48] - Bridge - INFO     - [Bridge.py:178  } [API]Status 200
[2018-06-05 15:11:48] - Bridge - INFO     - [Bridge.py:173  } [API]Requesting https://develop2.symphony.com/pod/v1/room/9DLRz7obGwtJItDI_HivPX___pwxPcdNdA/membership/add
[2018-06-05 15:11:49] - Bridge - INFO     - [Bridge.py:178  } [API]Status 200
[2018-06-05 15:47:01] - Bridge - INFO     - [Bridge.py:173  } [API]Requesting https://develop2.symphony.com/pod/v2/sessioninfo
[2018-06-05 15:47:02] - Bridge - INFO     - [Bridge.py:178  } [API]Status 200
[2018-06-05 15:49:40] - Bridge - INFO     - [Bridge.py:173  } [API]Requesting https://develop2.symphony.com/pod/v2/sessioninfo
[2018-06-05 15:49:42] - Bridge - INFO     - [Bridge.py:178  } [API]Status 200
[2018-06-05 15:49:47] - Bridge - INFO     - [Bridge.py:173  } [API]Requesting https://develop2.symphony.com/pod/v2/sessioninfo
[2018-06-05 15:49:48] - Bridge - INFO     - [Bridge.py:178  } [API]Status 200
[2018-06-05 15:51:33] - Bridge - INFO     - [Bridge.py:173  } [API]Requesting https://develop2.symphony.com/pod/v2/sessioninfo
[2018-06-05 15:51:34] - Bridge - INFO     - [Bridge.py:178  } [API]Status 200
[2018-06-05 15:54:08] - Bridge - INFO     - [Bridge.py:173  } [API]Requesting https://develop2.symphony.com/pod/v2/sessioninfo
[2018-06-05 15:54:09] - Bridge - INFO     - [Bridge.py:178  } [API]Status 200
[2018-06-05 15:54:41] - Bridge - INFO     - [Bridge.py:263  } object0001
[2018-06-05 15:54:41] - Bridge - INFO     - [Bridge.py:173  } [API]Requesting https://develop2.symphony.com/agent/v4/stream/LeKYFCKLJF6gTk-N4H_3w3___pwyjypqdA/message/create
[2018-06-05 15:54:43] - Bridge - INFO     - [Bridge.py:178  } [API]Status 200
[2018-06-05 16:03:32] - Bridge - INFO     - [Bridge.py:263  } object0001
[2018-06-05 16:03:32] - Bridge - INFO     - [Bridge.py:173  } [API]Requesting https://develop2.symphony.com/agent/v4/stream/LeKYFCKLJF6gTk-N4H_3w3___pwyjypqdA/message/create
[2018-06-05 16:03:34] - Bridge - INFO     - [Bridge.py:178  } [API]Status 200
[2018-06-05 16:03:56] - Bridge - INFO     - [Bridge.py:173  } [API]Requesting https://develop2.symphony.com/pod/v2/sessioninfo
[2018-06-05 16:03:57] - Bridge - INFO     - [Bridge.py:178  } [API]Status 200
[2018-06-05 16:04:39] - Bridge - INFO     - [Bridge.py:263  } object0001
[2018-06-05 16:04:39] - Bridge - INFO     - [Bridge.py:173  } [API]Requesting https://develop2.symphony.com/agent/v4/stream/LeKYFCKLJF6gTk-N4H_3w3___pwyjypqdA/message/create
[2018-06-05 16:04:41] - Bridge - INFO     - [Bridge.py:178  } [API]Status 200
[2018-06-05 16:06:11] - Bridge - INFO     - [Bridge.py:263  } object0001
[2018-06-05 16:06:11] - Bridge - INFO     - [Bridge.py:173  } [API]Requesting https://develop2.symphony.com/agent/v4/stream/LeKYFCKLJF6gTk-N4H_3w3___pwyjypqdA/message/create
[2018-06-05 16:06:13] - Bridge - INFO     - [Bridge.py:178  } [API]Status 200
[2018-06-05 16:07:14] - Bridge - INFO     - [Bridge.py:173  } [API]Requesting https://develop2.symphony.com//pod/v3/room/create
[2018-06-05 16:07:16] - Bridge - INFO     - [Bridge.py:178  } [API]Status 200
[2018-06-05 16:07:16] - Bridge - INFO     - [Bridge.py:173  } [API]Requesting https://develop2.symphony.com/pod/v1/room/s_KhDx9equ7T2XJ6miQkz3___pwxA6D-dA/membership/add
[2018-06-05 16:07:17] - Bridge - INFO     - [Bridge.py:178  } [API]Status 200
[2018-06-05 16:07:17] - Bridge - INFO     - [Bridge.py:173  } [API]Requesting https://develop2.symphony.com/pod/v1/room/s_KhDx9equ7T2XJ6miQkz3___pwxA6D-dA/membership/add
[2018-06-05 16:07:18] - Bridge - INFO     - [Bridge.py:178  } [API]Status 200
[2018-06-05 16:07:18] - Bridge - INFO     - [Bridge.py:173  } [API]Requesting https://develop2.symphony.com/agent/v4/stream/s_KhDx9equ7T2XJ6miQkz3___pwxA6D-dA/message/create
[2018-06-05 16:07:20] - Bridge - INFO     - [Bridge.py:178  } [API]Status 200
[2018-06-05 16:13:45] - Bridge - INFO     - [Bridge.py:263  } object0001
[2018-06-05 16:13:45] - Bridge - INFO     - [Bridge.py:173  } [API]Requesting https://develop2.symphony.com/agent/v4/stream/LeKYFCKLJF6gTk-N4H_3w3___pwyjypqdA/message/create
[2018-06-05 16:13:46] - Bridge - INFO     - [Bridge.py:178  } [API]Status 200
[2018-06-05 16:13:49] - Bridge - INFO     - [Bridge.py:263  } object0001
[2018-06-05 16:13:49] - Bridge - INFO     - [Bridge.py:173  } [API]Requesting https://develop2.symphony.com/agent/v4/stream/LeKYFCKLJF6gTk-N4H_3w3___pwyjypqdA/message/create
[2018-06-05 16:13:50] - Bridge - INFO     - [Bridge.py:178  } [API]Status 200
[2018-06-05 16:13:50] - Bridge - INFO     - [Bridge.py:263  } object0001
[2018-06-05 16:13:50] - Bridge - INFO     - [Bridge.py:173  } [API]Requesting https://develop2.symphony.com/agent/v4/stream/LeKYFCKLJF6gTk-N4H_3w3___pwyjypqdA/message/create
[2018-06-05 16:13:51] - Bridge - INFO     - [Bridge.py:178  } [API]Status 200
[2018-06-05 16:13:51] - Bridge - INFO     - [Bridge.py:263  } object0001
[2018-06-05 16:13:51] - Bridge - INFO     - [Bridge.py:173  } [API]Requesting https://develop2.symphony.com/agent/v4/stream/LeKYFCKLJF6gTk-N4H_3w3___pwyjypqdA/message/create
[2018-06-05 16:13:52] - Bridge - INFO     - [Bridge.py:178  } [API]Status 200
[2018-06-05 16:13:52] - Bridge - INFO     - [Bridge.py:263  } object0001
[2018-06-05 16:13:52] - Bridge - INFO     - [Bridge.py:173  } [API]Requesting https://develop2.symphony.com/agent/v4/stream/LeKYFCKLJF6gTk-N4H_3w3___pwyjypqdA/message/create
[2018-06-05 16:13:53] - Bridge - INFO     - [Bridge.py:178  } [API]Status 200
[2018-06-05 16:13:53] - Bridge - INFO     - [Bridge.py:263  } object0001
[2018-06-05 16:13:53] - Bridge - INFO     - [Bridge.py:173  } [API]Requesting https://develop2.symphony.com/agent/v4/stream/LeKYFCKLJF6gTk-N4H_3w3___pwyjypqdA/message/create
[2018-06-05 16:13:54] - Bridge - INFO     - [Bridge.py:178  } [API]Status 200
[2018-06-05 16:13:54] - Bridge - INFO     - [Bridge.py:263  } object0001
[2018-06-05 16:13:54] - Bridge - INFO     - [Bridge.py:173  } [API]Requesting https://develop2.symphony.com/agent/v4/stream/LeKYFCKLJF6gTk-N4H_3w3___pwyjypqdA/message/create
[2018-06-05 16:13:56] - Bridge - INFO     - [Bridge.py:178  } [API]Status 200
[2018-06-05 16:13:56] - Bridge - INFO     - [Bridge.py:263  } object0001
[2018-06-05 16:13:56] - Bridge - INFO     - [Bridge.py:173  } [API]Requesting https://develop2.symphony.com/agent/v4/stream/LeKYFCKLJF6gTk-N4H_3w3___pwyjypqdA/message/create
[2018-06-05 16:13:57] - Bridge - INFO     - [Bridge.py:178  } [API]Status 200
[2018-06-05 16:13:57] - Bridge - INFO     - [Bridge.py:263  } object0001
[2018-06-05 16:13:57] - Bridge - INFO     - [Bridge.py:173  } [API]Requesting https://develop2.symphony.com/agent/v4/stream/LeKYFCKLJF6gTk-N4H_3w3___pwyjypqdA/message/create
[2018-06-05 16:13:58] - Bridge - INFO     - [Bridge.py:178  } [API]Status 200
[2018-06-05 16:13:58] - Bridge - INFO     - [Bridge.py:263  } object0001
[2018-06-05 16:13:58] - Bridge - INFO     - [Bridge.py:173  } [API]Requesting https://develop2.symphony.com/agent/v4/stream/LeKYFCKLJF6gTk-N4H_3w3___pwyjypqdA/message/create
[2018-06-05 16:13:59] - Bridge - INFO     - [Bridge.py:178  } [API]Status 200
[2018-06-05 16:13:59] - Bridge - INFO     - [Bridge.py:263  } object0001
[2018-06-05 16:13:59] - Bridge - INFO     - [Bridge.py:173  } [API]Requesting https://develop2.symphony.com/agent/v4/stream/LeKYFCKLJF6gTk-N4H_3w3___pwyjypqdA/message/create
[2018-06-05 16:14:00] - Bridge - INFO     - [Bridge.py:178  } [API]Status 200
[2018-06-05 16:14:00] - Bridge - INFO     - [Bridge.py:263  } object0001
[2018-06-05 16:14:00] - Bridge - INFO     - [Bridge.py:173  } [API]Requesting https://develop2.symphony.com/agent/v4/stream/LeKYFCKLJF6gTk-N4H_3w3___pwyjypqdA/message/create
[2018-06-05 16:14:02] - Bridge - INFO     - [Bridge.py:178  } [API]Status 200
[2018-06-05 16:14:03] - Bridge - INFO     - [Bridge.py:263  } object0001
[2018-06-05 16:14:03] - Bridge - INFO     - [Bridge.py:173  } [API]Requesting https://develop2.symphony.com/agent/v4/stream/LeKYFCKLJF6gTk-N4H_3w3___pwyjypqdA/message/create
[2018-06-05 16:14:04] - Bridge - INFO     - [Bridge.py:178  } [API]Status 200
[2018-06-05 16:17:26] - Bridge - INFO     - [Bridge.py:263  } object0001
[2018-06-05 16:17:26] - Bridge - INFO     - [Bridge.py:173  } [API]Requesting https://develop2.symphony.com/agent/v4/stream/LeKYFCKLJF6gTk-N4H_3w3___pwyjypqdA/message/create
[2018-06-05 16:17:27] - Bridge - INFO     - [Bridge.py:178  } [API]Status 200
[2018-06-05 16:17:43] - Bridge - INFO     - [Bridge.py:173  } [API]Requesting https://develop2.symphony.com//pod/v3/room/create
[2018-06-05 16:17:44] - Bridge - INFO     - [Bridge.py:178  } [API]Status 200
[2018-06-05 16:17:44] - Bridge - INFO     - [Bridge.py:173  } [API]Requesting https://develop2.symphony.com/pod/v1/room/yzyFTDMA7f1IdutIDYpQI3___pww-gvxdA/membership/add
[2018-06-05 16:17:45] - Bridge - INFO     - [Bridge.py:178  } [API]Status 200
[2018-06-05 16:17:45] - Bridge - INFO     - [Bridge.py:173  } [API]Requesting https://develop2.symphony.com/pod/v1/room/yzyFTDMA7f1IdutIDYpQI3___pww-gvxdA/membership/add
[2018-06-05 16:17:46] - Bridge - INFO     - [Bridge.py:178  } [API]Status 200
[2018-06-05 16:17:46] - Bridge - INFO     - [Bridge.py:173  } [API]Requesting https://develop2.symphony.com/agent/v4/stream/yzyFTDMA7f1IdutIDYpQI3___pww-gvxdA/message/create
[2018-06-05 16:17:48] - Bridge - INFO     - [Bridge.py:178  } [API]Status 200
[2018-06-05 16:18:09] - Bridge - INFO     - [Bridge.py:173  } [API]Requesting https://develop2.symphony.com/agent/v4/stream/yzyFTDMA7f1IdutIDYpQI3___pww-gvxdA/message/create
[2018-06-05 16:18:10] - Bridge - INFO     - [Bridge.py:178  } [API]Status 200
[2018-06-05 16:18:37] - Bridge - INFO     - [Bridge.py:173  } [API]Requesting https://develop2.symphony.com/pod/v3/room/yzyFTDMA7f1IdutIDYpQI3___pww-gvxdA/update
[2018-06-05 16:18:38] - Bridge - INFO     - [Bridge.py:178  } [API]Status 200
[2018-06-05 16:19:08] - Bridge - INFO     - [Bridge.py:173  } [API]Requesting https://develop2.symphony.com/agent/v4/stream/LeKYFCKLJF6gTk-N4H_3w3___pwyjypqdA/message/create
[2018-06-05 16:19:09] - Bridge - INFO     - [Bridge.py:178  } [API]Status 200
[2018-06-05 16:19:09] - Bridge - INFO     - [Bridge.py:173  } [API]Requesting https://develop2.symphony.com/pod/v1/room/9DLRz7obGwtJItDI_HivPX___pwxPcdNdA/membership/remove
[2018-06-05 16:19:10] - Bridge - INFO     - [Bridge.py:178  } [API]Status 200
[2018-06-05 16:19:10] - Bridge - INFO     - [Bridge.py:173  } [API]Requesting https://develop2.symphony.com/pod/v1/room/9DLRz7obGwtJItDI_HivPX___pwxPcdNdA/membership/add
[2018-06-05 16:27:50] - Bridge - INFO     - [Bridge.py:173  } [API]Requesting https://develop2.symphony.com/pod/v2/sessioninfo
[2018-06-05 16:27:52] - Bridge - INFO     - [Bridge.py:178  } [API]Status 200
[2018-06-05 16:35:10] - Bridge - INFO     - [Bridge.py:263  } object0001
[2018-06-05 16:35:10] - Bridge - INFO     - [Bridge.py:173  } [API]Requesting https://develop2.symphony.com/agent/v4/stream/LeKYFCKLJF6gTk-N4H_3w3___pwyjypqdA/message/create
[2018-06-05 16:35:11] - Bridge - INFO     - [Bridge.py:178  } [API]Status 200
[2018-06-05 16:35:26] - Bridge - INFO     - [Bridge.py:173  } [API]Requesting https://develop2.symphony.com//pod/v3/room/create
[2018-06-05 16:35:27] - Bridge - INFO     - [Bridge.py:178  } [API]Status 200
[2018-06-05 16:35:27] - Bridge - INFO     - [Bridge.py:173  } [API]Requesting https://develop2.symphony.com/pod/v1/room/FhnkTkFuAb6MnIiE3i7EnH___pww6dMndA/membership/add
[2018-06-05 16:35:28] - Bridge - INFO     - [Bridge.py:178  } [API]Status 200
[2018-06-05 16:35:28] - Bridge - INFO     - [Bridge.py:173  } [API]Requesting https://develop2.symphony.com/pod/v1/room/FhnkTkFuAb6MnIiE3i7EnH___pww6dMndA/membership/add
[2018-06-05 16:35:29] - Bridge - INFO     - [Bridge.py:178  } [API]Status 200
[2018-06-05 16:35:29] - Bridge - INFO     - [Bridge.py:173  } [API]Requesting https://develop2.symphony.com/agent/v4/stream/FhnkTkFuAb6MnIiE3i7EnH___pww6dMndA/message/create
[2018-06-05 16:35:31] - Bridge - INFO     - [Bridge.py:178  } [API]Status 200
[2018-06-05 16:36:01] - Bridge - INFO     - [Bridge.py:173  } [API]Requesting https://develop2.symphony.com/agent/v4/stream/FhnkTkFuAb6MnIiE3i7EnH___pww6dMndA/message/create
[2018-06-05 16:36:02] - Bridge - INFO     - [Bridge.py:178  } [API]Status 200
[2018-06-05 16:36:33] - Bridge - INFO     - [Bridge.py:173  } [API]Requesting https://develop2.symphony.com/pod/v3/room/FhnkTkFuAb6MnIiE3i7EnH___pww6dMndA/update
[2018-06-05 16:36:35] - Bridge - INFO     - [Bridge.py:178  } [API]Status 200
[2018-06-05 16:37:01] - Bridge - INFO     - [Bridge.py:263  } object0001
[2018-06-05 16:37:01] - Bridge - INFO     - [Bridge.py:173  } [API]Requesting https://develop2.symphony.com/agent/v4/stream/LeKYFCKLJF6gTk-N4H_3w3___pwyjypqdA/message/create
[2018-06-05 16:37:02] - Bridge - INFO     - [Bridge.py:178  } [API]Status 200
[2018-06-05 16:45:06] - Bridge - INFO     - [Bridge.py:263  } object0001
[2018-06-05 16:45:06] - Bridge - INFO     - [Bridge.py:173  } [API]Requesting https://develop2.symphony.com/agent/v4/stream/LeKYFCKLJF6gTk-N4H_3w3___pwyjypqdA/message/create
[2018-06-05 16:45:08] - Bridge - INFO     - [Bridge.py:178  } [API]Status 200
[2018-06-05 16:45:27] - Bridge - INFO     - [Bridge.py:173  } [API]Requesting https://develop2.symphony.com//pod/v3/room/create
[2018-06-05 16:45:29] - Bridge - INFO     - [Bridge.py:178  } [API]Status 200
[2018-06-05 16:45:29] - Bridge - INFO     - [Bridge.py:173  } [API]Requesting https://develop2.symphony.com/pod/v1/room/XRmGio1pbcxl9RzILSMwCX___pww4KV_dA/membership/add
[2018-06-05 16:45:30] - Bridge - INFO     - [Bridge.py:178  } [API]Status 200
[2018-06-05 16:45:30] - Bridge - INFO     - [Bridge.py:173  } [API]Requesting https://develop2.symphony.com/pod/v1/room/XRmGio1pbcxl9RzILSMwCX___pww4KV_dA/membership/add
[2018-06-05 16:45:31] - Bridge - INFO     - [Bridge.py:178  } [API]Status 200
[2018-06-05 16:45:31] - Bridge - INFO     - [Bridge.py:173  } [API]Requesting https://develop2.symphony.com/agent/v4/stream/XRmGio1pbcxl9RzILSMwCX___pww4KV_dA/message/create
[2018-06-05 16:45:32] - Bridge - INFO     - [Bridge.py:178  } [API]Status 200
[2018-06-05 16:45:53] - Bridge - INFO     - [Bridge.py:173  } [API]Requesting https://develop2.symphony.com/agent/v4/stream/XRmGio1pbcxl9RzILSMwCX___pww4KV_dA/message/create
[2018-06-05 16:45:54] - Bridge - INFO     - [Bridge.py:178  } [API]Status 200
[2018-06-05 16:46:15] - Bridge - INFO     - [Bridge.py:173  } [API]Requesting https://develop2.symphony.com/pod/v3/room/XRmGio1pbcxl9RzILSMwCX___pww4KV_dA/update
[2018-06-05 16:46:17] - Bridge - INFO     - [Bridge.py:178  } [API]Status 200
[2018-06-05 16:50:00] - Bridge - INFO     - [Bridge.py:263  } object0001
[2018-06-05 16:50:00] - Bridge - INFO     - [Bridge.py:173  } [API]Requesting https://develop2.symphony.com/agent/v4/stream/LeKYFCKLJF6gTk-N4H_3w3___pwyjypqdA/message/create
[2018-06-05 16:50:02] - Bridge - INFO     - [Bridge.py:178  } [API]Status 200
[2018-06-05 16:50:15] - Bridge - INFO     - [Bridge.py:173  } [API]Requesting https://develop2.symphony.com//pod/v3/room/create
[2018-06-05 16:50:16] - Bridge - INFO     - [Bridge.py:178  } [API]Status 200
[2018-06-05 16:50:16] - Bridge - INFO     - [Bridge.py:173  } [API]Requesting https://develop2.symphony.com/pod/v1/room/m3qxPWz5lATRPIkVncLGOX___pww3ES1dA/membership/add
[2018-06-05 16:50:17] - Bridge - INFO     - [Bridge.py:178  } [API]Status 200
[2018-06-05 16:50:17] - Bridge - INFO     - [Bridge.py:173  } [API]Requesting https://develop2.symphony.com/pod/v1/room/m3qxPWz5lATRPIkVncLGOX___pww3ES1dA/membership/add
[2018-06-05 16:50:18] - Bridge - INFO     - [Bridge.py:178  } [API]Status 200
[2018-06-05 16:50:18] - Bridge - INFO     - [Bridge.py:173  } [API]Requesting https://develop2.symphony.com/agent/v4/stream/m3qxPWz5lATRPIkVncLGOX___pww3ES1dA/message/create
[2018-06-05 16:50:19] - Bridge - INFO     - [Bridge.py:178  } [API]Status 200
[2018-06-05 16:50:44] - Bridge - INFO     - [Bridge.py:173  } [API]Requesting https://develop2.symphony.com/agent/v4/stream/m3qxPWz5lATRPIkVncLGOX___pww3ES1dA/message/create
[2018-06-05 16:50:45] - Bridge - INFO     - [Bridge.py:178  } [API]Status 200
[2018-06-05 16:51:08] - Bridge - INFO     - [Bridge.py:173  } [API]Requesting https://develop2.symphony.com/pod/v3/room/m3qxPWz5lATRPIkVncLGOX___pww3ES1dA/update
[2018-06-05 16:51:09] - Bridge - INFO     - [Bridge.py:178  } [API]Status 200
[2018-06-05 16:51:34] - Bridge - INFO     - [Bridge.py:263  } object0001
[2018-06-05 16:51:34] - Bridge - INFO     - [Bridge.py:173  } [API]Requesting https://develop2.symphony.com/agent/v4/stream/LeKYFCKLJF6gTk-N4H_3w3___pwyjypqdA/message/create
[2018-06-05 16:51:35] - Bridge - INFO     - [Bridge.py:178  } [API]Status 200
[2018-06-05 16:59:27] - Bridge - INFO     - [Bridge.py:173  } [API]Requesting https://develop2.symphony.com/pod/v2/sessioninfo
[2018-06-05 16:59:28] - Bridge - INFO     - [Bridge.py:178  } [API]Status 200
[2018-06-05 16:59:49] - Bridge - INFO     - [Bridge.py:263  } object0001
[2018-06-05 16:59:49] - Bridge - INFO     - [Bridge.py:173  } [API]Requesting https://develop2.symphony.com/agent/v4/stream/LeKYFCKLJF6gTk-N4H_3w3___pwyjypqdA/message/create
[2018-06-05 16:59:50] - Bridge - INFO     - [Bridge.py:178  } [API]Status 200
[2018-06-05 16:59:56] - Bridge - INFO     - [Bridge.py:173  } [API]Requesting https://develop2.symphony.com//pod/v3/room/create
[2018-06-05 16:59:57] - Bridge - INFO     - [Bridge.py:178  } [API]Status 200
[2018-06-05 16:59:57] - Bridge - INFO     - [Bridge.py:173  } [API]Requesting https://develop2.symphony.com/pod/v1/room/4Ez1-zFqXQd6TzF1er3if3___pww02dIdA/membership/add
[2018-06-05 16:59:58] - Bridge - INFO     - [Bridge.py:178  } [API]Status 200
[2018-06-05 16:59:58] - Bridge - INFO     - [Bridge.py:173  } [API]Requesting https://develop2.symphony.com/pod/v1/room/4Ez1-zFqXQd6TzF1er3if3___pww02dIdA/membership/add
[2018-06-05 16:59:59] - Bridge - INFO     - [Bridge.py:178  } [API]Status 200
[2018-06-05 16:59:59] - Bridge - INFO     - [Bridge.py:173  } [API]Requesting https://develop2.symphony.com/agent/v4/stream/4Ez1-zFqXQd6TzF1er3if3___pww02dIdA/message/create
[2018-06-05 17:00:00] - Bridge - INFO     - [Bridge.py:178  } [API]Status 200
[2018-06-05 17:00:21] - Bridge - INFO     - [Bridge.py:263  } object0001
[2018-06-05 17:00:21] - Bridge - INFO     - [Bridge.py:173  } [API]Requesting https://develop2.symphony.com/agent/v4/stream/LeKYFCKLJF6gTk-N4H_3w3___pwyjypqdA/message/create
[2018-06-05 17:00:22] - Bridge - INFO     - [Bridge.py:178  } [API]Status 200
[2018-06-05 17:02:31] - Bridge - INFO     - [Bridge.py:173  } [API]Requesting https://develop2.symphony.com/pod/v2/sessioninfo
[2018-06-05 17:02:32] - Bridge - INFO     - [Bridge.py:178  } [API]Status 200
[2018-06-05 17:07:04] - Bridge - INFO     - [Bridge.py:173  } [API]Requesting https://develop2.symphony.com//pod/v3/room/create
[2018-06-05 17:07:05] - Bridge - INFO     - [Bridge.py:178  } [API]Status 200
[2018-06-05 17:07:05] - Bridge - INFO     - [Bridge.py:173  } [API]Requesting https://develop2.symphony.com/pod/v1/room/HFHeKiD25iBB1UL1rjFsWX___pwwzNxBdA/membership/add
[2018-06-05 17:07:06] - Bridge - INFO     - [Bridge.py:178  } [API]Status 200
[2018-06-05 17:07:06] - Bridge - INFO     - [Bridge.py:173  } [API]Requesting https://develop2.symphony.com/pod/v1/room/HFHeKiD25iBB1UL1rjFsWX___pwwzNxBdA/membership/add
[2018-06-05 17:07:08] - Bridge - INFO     - [Bridge.py:178  } [API]Status 200
[2018-06-05 17:07:08] - Bridge - INFO     - [Bridge.py:173  } [API]Requesting https://develop2.symphony.com/agent/v4/stream/HFHeKiD25iBB1UL1rjFsWX___pwwzNxBdA/message/create
[2018-06-05 17:07:09] - Bridge - INFO     - [Bridge.py:178  } [API]Status 200
[2018-06-05 17:07:27] - Bridge - INFO     - [Bridge.py:263  } object0001
[2018-06-05 17:07:27] - Bridge - INFO     - [Bridge.py:173  } [API]Requesting https://develop2.symphony.com/agent/v4/stream/LeKYFCKLJF6gTk-N4H_3w3___pwyjypqdA/message/create
[2018-06-05 17:07:29] - Bridge - INFO     - [Bridge.py:178  } [API]Status 200
[2018-06-05 17:07:45] - Bridge - INFO     - [Bridge.py:173  } [API]Requesting https://develop2.symphony.com//pod/v3/room/create
[2018-06-05 17:07:47] - Bridge - INFO     - [Bridge.py:178  } [API]Status 200
[2018-06-05 17:07:47] - Bridge - INFO     - [Bridge.py:173  } [API]Requesting https://develop2.symphony.com/pod/v1/room/33j7nfyF_4v7nPNLaHbPQn___pwwzDpBdA/membership/add
[2018-06-05 17:07:48] - Bridge - INFO     - [Bridge.py:178  } [API]Status 200
[2018-06-05 17:07:48] - Bridge - INFO     - [Bridge.py:173  } [API]Requesting https://develop2.symphony.com/pod/v1/room/33j7nfyF_4v7nPNLaHbPQn___pwwzDpBdA/membership/add
[2018-06-05 17:07:49] - Bridge - INFO     - [Bridge.py:178  } [API]Status 200
[2018-06-05 17:07:49] - Bridge - INFO     - [Bridge.py:173  } [API]Requesting https://develop2.symphony.com/agent/v4/stream/33j7nfyF_4v7nPNLaHbPQn___pwwzDpBdA/message/create
[2018-06-05 17:07:51] - Bridge - INFO     - [Bridge.py:178  } [API]Status 200
[2018-06-05 17:09:37] - Bridge - INFO     - [Bridge.py:173  } [API]Requesting https://develop2.symphony.com/pod/v2/sessioninfo
[2018-06-05 17:09:39] - Bridge - INFO     - [Bridge.py:178  } [API]Status 200
[2018-06-05 17:09:47] - Bridge - INFO     - [Bridge.py:173  } [API]Requesting https://develop2.symphony.com/pod/v2/sessioninfo
[2018-06-05 17:09:48] - Bridge - INFO     - [Bridge.py:178  } [API]Status 200
[2018-06-05 17:09:56] - Bridge - INFO     - [Bridge.py:263  } object0001
[2018-06-05 17:09:56] - Bridge - INFO     - [Bridge.py:173  } [API]Requesting https://develop2.symphony.com/agent/v4/stream/LeKYFCKLJF6gTk-N4H_3w3___pwyjypqdA/message/create
[2018-06-05 17:09:57] - Bridge - INFO     - [Bridge.py:178  } [API]Status 200
[2018-06-05 17:10:01] - Bridge - INFO     - [Bridge.py:173  } [API]Requesting https://develop2.symphony.com//pod/v3/room/create
[2018-06-05 17:10:02] - Bridge - INFO     - [Bridge.py:178  } [API]Status 200
[2018-06-05 17:10:02] - Bridge - INFO     - [Bridge.py:173  } [API]Requesting https://develop2.symphony.com/pod/v1/room/hpZyOVqWIoVA47PWKXV0_X___pwwyio_dA/membership/add
[2018-06-05 17:10:03] - Bridge - INFO     - [Bridge.py:178  } [API]Status 200
[2018-06-05 17:10:03] - Bridge - INFO     - [Bridge.py:173  } [API]Requesting https://develop2.symphony.com/pod/v1/room/hpZyOVqWIoVA47PWKXV0_X___pwwyio_dA/membership/add
[2018-06-05 17:10:04] - Bridge - INFO     - [Bridge.py:178  } [API]Status 200
[2018-06-05 17:10:04] - Bridge - INFO     - [Bridge.py:173  } [API]Requesting https://develop2.symphony.com/agent/v4/stream/hpZyOVqWIoVA47PWKXV0_X___pwwyio_dA/message/create
[2018-06-05 17:10:05] - Bridge - INFO     - [Bridge.py:178  } [API]Status 200
[2018-06-05 17:29:15] - Bridge - INFO     - [Bridge.py:263  } object0001
[2018-06-05 17:29:15] - Bridge - INFO     - [Bridge.py:173  } [API]Requesting https://develop2.symphony.com/agent/v4/stream/LeKYFCKLJF6gTk-N4H_3w3___pwyjypqdA/message/create
[2018-06-05 17:29:17] - Bridge - INFO     - [Bridge.py:178  } [API]Status 200
[2018-06-05 17:29:33] - Bridge - INFO     - [Bridge.py:173  } [API]Requesting https://develop2.symphony.com//pod/v3/room/create
[2018-06-05 17:29:36] - Bridge - INFO     - [Bridge.py:178  } [API]Status 200
[2018-06-05 17:29:36] - Bridge - INFO     - [Bridge.py:173  } [API]Requesting https://develop2.symphony.com/pod/v1/room/PGfuhBg73Ahvd_v0uLbZ23___pwwuEK3dA/membership/add
[2018-06-05 17:29:37] - Bridge - INFO     - [Bridge.py:178  } [API]Status 200
[2018-06-05 17:29:37] - Bridge - INFO     - [Bridge.py:173  } [API]Requesting https://develop2.symphony.com/pod/v1/room/PGfuhBg73Ahvd_v0uLbZ23___pwwuEK3dA/membership/add
[2018-06-05 17:29:38] - Bridge - INFO     - [Bridge.py:178  } [API]Status 200
[2018-06-05 17:29:38] - Bridge - INFO     - [Bridge.py:173  } [API]Requesting https://develop2.symphony.com/agent/v4/stream/PGfuhBg73Ahvd_v0uLbZ23___pwwuEK3dA/message/create
[2018-06-05 17:29:39] - Bridge - INFO     - [Bridge.py:178  } [API]Status 200
[2018-06-05 17:30:26] - Bridge - INFO     - [Bridge.py:173  } [API]Requesting https://develop2.symphony.com/agent/v4/stream/PGfuhBg73Ahvd_v0uLbZ23___pwwuEK3dA/message/create
[2018-06-05 17:30:27] - Bridge - INFO     - [Bridge.py:178  } [API]Status 200
[2018-06-05 17:31:02] - Bridge - INFO     - [Bridge.py:173  } [API]Requesting https://develop2.symphony.com/pod/v3/room/PGfuhBg73Ahvd_v0uLbZ23___pwwuEK3dA/update
[2018-06-05 17:31:03] - Bridge - INFO     - [Bridge.py:178  } [API]Status 200
[2018-07-06 12:20:55] - Bridge - INFO     - [Bridge.py:173  } [API]Requesting https://develop2.symphony.com/pod/v2/sessioninfo
[2018-07-06 12:23:17] - Bridge - INFO     - [Bridge.py:173  } [API]Requesting https://develop2.symphony.com/pod/v2/sessioninfo
[2018-07-06 12:24:54] - Bridge - INFO     - [Bridge.py:173  } [API]Requesting https://develop2.symphony.com/pod/v2/sessioninfo
[2018-07-06 12:31:39] - Bridge - INFO     - [Bridge.py:173  } [API]Requesting https://develop2.symphony.com/pod/v2/sessioninfo
[2018-07-06 12:52:55] - Bridge - INFO     - [Bridge.py:173  } [API]Requesting https://develop2.symphony.com/pod/v2/sessioninfo
